Executing testie experimental.npf
Executing init scripts...
X = 0, ENORMOUS = 8388.171656999999, HUGE = 136.4821063, BIG = 47.99187509, SMALL = 2.384977173 [run 1/3 for test 1/190]
X = 0, ENORMOUS = 8388.171656999999, HUGE = 136.4821063, BIG = 47.99187509, SMALL = 2.384977173 [run 2/3 for test 1/190]
X = 0, ENORMOUS = 8388.171656999999, HUGE = 136.4821063, BIG = 47.99187509, SMALL = 2.384977173 [run 3/3 for test 1/190]
[8575.030615562999, 8575.030615562999, 8575.030615562999]
X = 1, ENORMOUS = 8388.171656999999, HUGE = 136.4821063, BIG = 47.99187509, SMALL = 2.384977173 [run 1/3 for test 2/190]
X = 1, ENORMOUS = 8388.171656999999, HUGE = 136.4821063, BIG = 47.99187509, SMALL = 2.384977173 [run 2/3 for test 2/190]
X = 1, ENORMOUS = 8388.171656999999, HUGE = 136.4821063, BIG = 47.99187509, SMALL = 2.384977173 [run 3/3 for test 2/190]
[17150.061231125997, 17150.061231125997, 17150.061231125997]
X = 0, ENORMOUS = 9077.499894999999, HUGE = 432.0931192, BIG = 0.26145112, SMALL = 0.895097912 [run 1/3 for test 3/190]
X = 0, ENORMOUS = 9077.499894999999, HUGE = 432.0931192, BIG = 0.26145112, SMALL = 0.895097912 [run 2/3 for test 3/190]
X = 0, ENORMOUS = 9077.499894999999, HUGE = 432.0931192, BIG = 0.26145112, SMALL = 0.895097912 [run 3/3 for test 3/190]
[9510.749563232, 9510.749563232, 9510.749563232]
X = 1, ENORMOUS = 9077.499894999999, HUGE = 432.0931192, BIG = 0.26145112, SMALL = 0.895097912 [run 1/3 for test 4/190]
X = 1, ENORMOUS = 9077.499894999999, HUGE = 432.0931192, BIG = 0.26145112, SMALL = 0.895097912 [run 2/3 for test 4/190]
X = 1, ENORMOUS = 9077.499894999999, HUGE = 432.0931192, BIG = 0.26145112, SMALL = 0.895097912 [run 3/3 for test 4/190]
[19021.499126464, 19021.499126464, 19021.499126464]
X = 0, ENORMOUS = 6575.558686, HUGE = 396.354845, BIG = 28.905409900000002, SMALL = 3.426661815 [run 1/3 for test 5/190]
X = 0, ENORMOUS = 6575.558686, HUGE = 396.354845, BIG = 28.905409900000002, SMALL = 3.426661815 [run 2/3 for test 5/190]
X = 0, ENORMOUS = 6575.558686, HUGE = 396.354845, BIG = 28.905409900000002, SMALL = 3.426661815 [run 3/3 for test 5/190]
[7004.245602715001, 7004.245602715001, 7004.245602715001]
X = 1, ENORMOUS = 6575.558686, HUGE = 396.354845, BIG = 28.905409900000002, SMALL = 3.426661815 [run 1/3 for test 6/190]
X = 1, ENORMOUS = 6575.558686, HUGE = 396.354845, BIG = 28.905409900000002, SMALL = 3.426661815 [run 2/3 for test 6/190]
X = 1, ENORMOUS = 6575.558686, HUGE = 396.354845, BIG = 28.905409900000002, SMALL = 3.426661815 [run 3/3 for test 6/190]
[14008.491205430002, 14008.491205430002, 14008.491205430002]
X = 0, ENORMOUS = 6724.824016, HUGE = 571.4543285, BIG = 31.15996928, SMALL = 4.869954393 [run 1/3 for test 7/190]
X = 0, ENORMOUS = 6724.824016, HUGE = 571.4543285, BIG = 31.15996928, SMALL = 4.869954393 [run 2/3 for test 7/190]
X = 0, ENORMOUS = 6724.824016, HUGE = 571.4543285, BIG = 31.15996928, SMALL = 4.869954393 [run 3/3 for test 7/190]
[7332.308268172999, 7332.308268172999, 7332.308268172999]
X = 1, ENORMOUS = 6724.824016, HUGE = 571.4543285, BIG = 31.15996928, SMALL = 4.869954393 [run 1/3 for test 8/190]
X = 1, ENORMOUS = 6724.824016, HUGE = 571.4543285, BIG = 31.15996928, SMALL = 4.869954393 [run 2/3 for test 8/190]
X = 1, ENORMOUS = 6724.824016, HUGE = 571.4543285, BIG = 31.15996928, SMALL = 4.869954393 [run 3/3 for test 8/190]
[14664.616536345999, 14664.616536345999, 14664.616536345999]
X = 0, ENORMOUS = 5651.936552, HUGE = 746.174464, BIG = 27.57493011, SMALL = 5.221940065 [run 1/3 for test 9/190]
X = 0, ENORMOUS = 5651.936552, HUGE = 746.174464, BIG = 27.57493011, SMALL = 5.221940065 [run 2/3 for test 9/190]
X = 0, ENORMOUS = 5651.936552, HUGE = 746.174464, BIG = 27.57493011, SMALL = 5.221940065 [run 3/3 for test 9/190]
[6430.907886175, 6430.907886175, 6430.907886175]
X = 1, ENORMOUS = 5651.936552, HUGE = 746.174464, BIG = 27.57493011, SMALL = 5.221940065 [run 1/3 for test 10/190]
X = 1, ENORMOUS = 5651.936552, HUGE = 746.174464, BIG = 27.57493011, SMALL = 5.221940065 [run 2/3 for test 10/190]
X = 1, ENORMOUS = 5651.936552, HUGE = 746.174464, BIG = 27.57493011, SMALL = 5.221940065 [run 3/3 for test 10/190]
[12861.81577235, 12861.81577235, 12861.81577235]
X = 0, ENORMOUS = 6988.70071, HUGE = 980.5789245, BIG = 4.5596859400000005, SMALL = 7.951858498 [run 1/3 for test 11/190]
X = 0, ENORMOUS = 6988.70071, HUGE = 980.5789245, BIG = 4.5596859400000005, SMALL = 7.951858498 [run 2/3 for test 11/190]
X = 0, ENORMOUS = 6988.70071, HUGE = 980.5789245, BIG = 4.5596859400000005, SMALL = 7.951858498 [run 3/3 for test 11/190]
[7981.791178938, 7981.791178938, 7981.791178938]
X = 1, ENORMOUS = 6988.70071, HUGE = 980.5789245, BIG = 4.5596859400000005, SMALL = 7.951858498 [run 1/3 for test 12/190]
X = 1, ENORMOUS = 6988.70071, HUGE = 980.5789245, BIG = 4.5596859400000005, SMALL = 7.951858498 [run 2/3 for test 12/190]
X = 1, ENORMOUS = 6988.70071, HUGE = 980.5789245, BIG = 4.5596859400000005, SMALL = 7.951858498 [run 3/3 for test 12/190]
[15963.582357876, 15963.582357876, 15963.582357876]
X = 0, ENORMOUS = 8463.42586, HUGE = 625.973478, BIG = 49.71722597, SMALL = 8.391467009 [run 1/3 for test 13/190]
X = 0, ENORMOUS = 8463.42586, HUGE = 625.973478, BIG = 49.71722597, SMALL = 8.391467009 [run 2/3 for test 13/190]
X = 0, ENORMOUS = 8463.42586, HUGE = 625.973478, BIG = 49.71722597, SMALL = 8.391467009 [run 3/3 for test 13/190]
[9147.508030979, 9147.508030979, 9147.508030979]
X = 1, ENORMOUS = 8463.42586, HUGE = 625.973478, BIG = 49.71722597, SMALL = 8.391467009 [run 1/3 for test 14/190]
X = 1, ENORMOUS = 8463.42586, HUGE = 625.973478, BIG = 49.71722597, SMALL = 8.391467009 [run 2/3 for test 14/190]
X = 1, ENORMOUS = 8463.42586, HUGE = 625.973478, BIG = 49.71722597, SMALL = 8.391467009 [run 3/3 for test 14/190]
[18295.016061958, 18295.016061958, 18295.016061958]
X = 0, ENORMOUS = 8711.809623, HUGE = 392.08482319999996, BIG = 60.14354397, SMALL = 9.531415806 [run 1/3 for test 15/190]
X = 0, ENORMOUS = 8711.809623, HUGE = 392.08482319999996, BIG = 60.14354397, SMALL = 9.531415806 [run 2/3 for test 15/190]
X = 0, ENORMOUS = 8711.809623, HUGE = 392.08482319999996, BIG = 60.14354397, SMALL = 9.531415806 [run 3/3 for test 15/190]
[9173.569405975999, 9173.569405975999, 9173.569405975999]
X = 1, ENORMOUS = 8711.809623, HUGE = 392.08482319999996, BIG = 60.14354397, SMALL = 9.531415806 [run 1/3 for test 16/190]
X = 1, ENORMOUS = 8711.809623, HUGE = 392.08482319999996, BIG = 60.14354397, SMALL = 9.531415806 [run 2/3 for test 16/190]
X = 1, ENORMOUS = 8711.809623, HUGE = 392.08482319999996, BIG = 60.14354397, SMALL = 9.531415806 [run 3/3 for test 16/190]
[18347.138811951998, 18347.138811951998, 18347.138811951998]
X = 0, ENORMOUS = 5224.638348, HUGE = 897.1298314000001, BIG = 70.91934688, SMALL = 9.815743843 [run 1/3 for test 17/190]
X = 0, ENORMOUS = 5224.638348, HUGE = 897.1298314000001, BIG = 70.91934688, SMALL = 9.815743843 [run 2/3 for test 17/190]
X = 0, ENORMOUS = 5224.638348, HUGE = 897.1298314000001, BIG = 70.91934688, SMALL = 9.815743843 [run 3/3 for test 17/190]
[6202.503270123, 6202.503270123, 6202.503270123]
X = 1, ENORMOUS = 5224.638348, HUGE = 897.1298314000001, BIG = 70.91934688, SMALL = 9.815743843 [run 1/3 for test 18/190]
X = 1, ENORMOUS = 5224.638348, HUGE = 897.1298314000001, BIG = 70.91934688, SMALL = 9.815743843 [run 2/3 for test 18/190]
X = 1, ENORMOUS = 5224.638348, HUGE = 897.1298314000001, BIG = 70.91934688, SMALL = 9.815743843 [run 3/3 for test 18/190]
[12405.006540246, 12405.006540246, 12405.006540246]
X = 0, ENORMOUS = 3151.144173, HUGE = 898.9987157, BIG = 61.039710160000006, SMALL = 4.198398448 [run 1/3 for test 19/190]
X = 0, ENORMOUS = 3151.144173, HUGE = 898.9987157, BIG = 61.039710160000006, SMALL = 4.198398448 [run 2/3 for test 19/190]
X = 0, ENORMOUS = 3151.144173, HUGE = 898.9987157, BIG = 61.039710160000006, SMALL = 4.198398448 [run 3/3 for test 19/190]
[4115.380997308001, 4115.380997308001, 4115.380997308001]
X = 1, ENORMOUS = 3151.144173, HUGE = 898.9987157, BIG = 61.039710160000006, SMALL = 4.198398448 [run 1/3 for test 20/190]
X = 1, ENORMOUS = 3151.144173, HUGE = 898.9987157, BIG = 61.039710160000006, SMALL = 4.198398448 [run 2/3 for test 20/190]
X = 1, ENORMOUS = 3151.144173, HUGE = 898.9987157, BIG = 61.039710160000006, SMALL = 4.198398448 [run 3/3 for test 20/190]
[8230.761994616001, 8230.761994616001, 8230.761994616001]
X = 0, ENORMOUS = 7551.456098, HUGE = 54.677384, BIG = 45.09459555, SMALL = 2.642910744 [run 1/3 for test 21/190]
X = 0, ENORMOUS = 7551.456098, HUGE = 54.677384, BIG = 45.09459555, SMALL = 2.642910744 [run 2/3 for test 21/190]
X = 0, ENORMOUS = 7551.456098, HUGE = 54.677384, BIG = 45.09459555, SMALL = 2.642910744 [run 3/3 for test 21/190]
[7653.870988293999, 7653.870988293999, 7653.870988293999]
X = 1, ENORMOUS = 7551.456098, HUGE = 54.677384, BIG = 45.09459555, SMALL = 2.642910744 [run 1/3 for test 22/190]
X = 1, ENORMOUS = 7551.456098, HUGE = 54.677384, BIG = 45.09459555, SMALL = 2.642910744 [run 2/3 for test 22/190]
X = 1, ENORMOUS = 7551.456098, HUGE = 54.677384, BIG = 45.09459555, SMALL = 2.642910744 [run 3/3 for test 22/190]
[15307.741976587999, 15307.741976587999, 15307.741976587999]
X = 0, ENORMOUS = 4206.7493540000005, HUGE = 165.2620968, BIG = 9.54615641, SMALL = 2.986907344 [run 1/3 for test 23/190]
X = 0, ENORMOUS = 4206.7493540000005, HUGE = 165.2620968, BIG = 9.54615641, SMALL = 2.986907344 [run 2/3 for test 23/190]
X = 0, ENORMOUS = 4206.7493540000005, HUGE = 165.2620968, BIG = 9.54615641, SMALL = 2.986907344 [run 3/3 for test 23/190]
[4384.544514554001, 4384.544514554001, 4384.544514554001]
X = 1, ENORMOUS = 4206.7493540000005, HUGE = 165.2620968, BIG = 9.54615641, SMALL = 2.986907344 [run 1/3 for test 24/190]
X = 1, ENORMOUS = 4206.7493540000005, HUGE = 165.2620968, BIG = 9.54615641, SMALL = 2.986907344 [run 2/3 for test 24/190]
X = 1, ENORMOUS = 4206.7493540000005, HUGE = 165.2620968, BIG = 9.54615641, SMALL = 2.986907344 [run 3/3 for test 24/190]
[8769.089029108001, 8769.089029108001, 8769.089029108001]
X = 0, ENORMOUS = 4055.509188, HUGE = 471.3122821, BIG = 37.14063114, SMALL = 1.979885506 [run 1/3 for test 25/190]
X = 0, ENORMOUS = 4055.509188, HUGE = 471.3122821, BIG = 37.14063114, SMALL = 1.979885506 [run 2/3 for test 25/190]
X = 0, ENORMOUS = 4055.509188, HUGE = 471.3122821, BIG = 37.14063114, SMALL = 1.979885506 [run 3/3 for test 25/190]
[4565.941986745999, 4565.941986745999, 4565.941986745999]
X = 1, ENORMOUS = 4055.509188, HUGE = 471.3122821, BIG = 37.14063114, SMALL = 1.979885506 [run 1/3 for test 26/190]
X = 1, ENORMOUS = 4055.509188, HUGE = 471.3122821, BIG = 37.14063114, SMALL = 1.979885506 [run 2/3 for test 26/190]
X = 1, ENORMOUS = 4055.509188, HUGE = 471.3122821, BIG = 37.14063114, SMALL = 1.979885506 [run 3/3 for test 26/190]
[9131.883973491998, 9131.883973491998, 9131.883973491998]
X = 0, ENORMOUS = 4547.143083, HUGE = 945.7395142, BIG = 2.08073687, SMALL = 3.420084741 [run 1/3 for test 27/190]
X = 0, ENORMOUS = 4547.143083, HUGE = 945.7395142, BIG = 2.08073687, SMALL = 3.420084741 [run 2/3 for test 27/190]
X = 0, ENORMOUS = 4547.143083, HUGE = 945.7395142, BIG = 2.08073687, SMALL = 3.420084741 [run 3/3 for test 27/190]
[5498.3834188109995, 5498.3834188109995, 5498.3834188109995]
X = 1, ENORMOUS = 4547.143083, HUGE = 945.7395142, BIG = 2.08073687, SMALL = 3.420084741 [run 1/3 for test 28/190]
X = 1, ENORMOUS = 4547.143083, HUGE = 945.7395142, BIG = 2.08073687, SMALL = 3.420084741 [run 2/3 for test 28/190]
X = 1, ENORMOUS = 4547.143083, HUGE = 945.7395142, BIG = 2.08073687, SMALL = 3.420084741 [run 3/3 for test 28/190]
[10996.766837621999, 10996.766837621999, 10996.766837621999]
X = 0, ENORMOUS = 6150.445179, HUGE = 914.6580508, BIG = 18.25977804, SMALL = 6.127034642 [run 1/3 for test 29/190]
X = 0, ENORMOUS = 6150.445179, HUGE = 914.6580508, BIG = 18.25977804, SMALL = 6.127034642 [run 2/3 for test 29/190]
X = 0, ENORMOUS = 6150.445179, HUGE = 914.6580508, BIG = 18.25977804, SMALL = 6.127034642 [run 3/3 for test 29/190]
[7089.490042482, 7089.490042482, 7089.490042482]
X = 1, ENORMOUS = 6150.445179, HUGE = 914.6580508, BIG = 18.25977804, SMALL = 6.127034642 [run 1/3 for test 30/190]
X = 1, ENORMOUS = 6150.445179, HUGE = 914.6580508, BIG = 18.25977804, SMALL = 6.127034642 [run 2/3 for test 30/190]
X = 1, ENORMOUS = 6150.445179, HUGE = 914.6580508, BIG = 18.25977804, SMALL = 6.127034642 [run 3/3 for test 30/190]
[14178.980084964, 14178.980084964, 14178.980084964]
X = 0, ENORMOUS = 2634.762009, HUGE = 269.9117637, BIG = 18.29280583, SMALL = 5.797346574 [run 1/3 for test 31/190]
X = 0, ENORMOUS = 2634.762009, HUGE = 269.9117637, BIG = 18.29280583, SMALL = 5.797346574 [run 2/3 for test 31/190]
X = 0, ENORMOUS = 2634.762009, HUGE = 269.9117637, BIG = 18.29280583, SMALL = 5.797346574 [run 3/3 for test 31/190]
[2928.763925104, 2928.763925104, 2928.763925104]
X = 1, ENORMOUS = 2634.762009, HUGE = 269.9117637, BIG = 18.29280583, SMALL = 5.797346574 [run 1/3 for test 32/190]
X = 1, ENORMOUS = 2634.762009, HUGE = 269.9117637, BIG = 18.29280583, SMALL = 5.797346574 [run 2/3 for test 32/190]
X = 1, ENORMOUS = 2634.762009, HUGE = 269.9117637, BIG = 18.29280583, SMALL = 5.797346574 [run 3/3 for test 32/190]
[5857.527850208, 5857.527850208, 5857.527850208]
X = 0, ENORMOUS = 6119.578958, HUGE = 678.9845626, BIG = 24.817090529999998, SMALL = 6.7823640439999995 [run 1/3 for test 33/190]
X = 0, ENORMOUS = 6119.578958, HUGE = 678.9845626, BIG = 24.817090529999998, SMALL = 6.7823640439999995 [run 2/3 for test 33/190]
X = 0, ENORMOUS = 6119.578958, HUGE = 678.9845626, BIG = 24.817090529999998, SMALL = 6.7823640439999995 [run 3/3 for test 33/190]
[6830.162975174, 6830.162975174, 6830.162975174]
X = 1, ENORMOUS = 6119.578958, HUGE = 678.9845626, BIG = 24.817090529999998, SMALL = 6.7823640439999995 [run 1/3 for test 34/190]
X = 1, ENORMOUS = 6119.578958, HUGE = 678.9845626, BIG = 24.817090529999998, SMALL = 6.7823640439999995 [run 2/3 for test 34/190]
X = 1, ENORMOUS = 6119.578958, HUGE = 678.9845626, BIG = 24.817090529999998, SMALL = 6.7823640439999995 [run 3/3 for test 34/190]
[13660.325950348, 13660.325950348, 13660.325950348]
X = 0, ENORMOUS = 8230.892506, HUGE = 928.6286982, BIG = 35.67868245, SMALL = 8.442515871000001 [run 1/3 for test 35/190]
X = 0, ENORMOUS = 8230.892506, HUGE = 928.6286982, BIG = 35.67868245, SMALL = 8.442515871000001 [run 2/3 for test 35/190]
X = 0, ENORMOUS = 8230.892506, HUGE = 928.6286982, BIG = 35.67868245, SMALL = 8.442515871000001 [run 3/3 for test 35/190]
[9203.642402521, 9203.642402521, 9203.642402521]
X = 1, ENORMOUS = 8230.892506, HUGE = 928.6286982, BIG = 35.67868245, SMALL = 8.442515871000001 [run 1/3 for test 36/190]
X = 1, ENORMOUS = 8230.892506, HUGE = 928.6286982, BIG = 35.67868245, SMALL = 8.442515871000001 [run 2/3 for test 36/190]
X = 1, ENORMOUS = 8230.892506, HUGE = 928.6286982, BIG = 35.67868245, SMALL = 8.442515871000001 [run 3/3 for test 36/190]
[18407.284805042, 18407.284805042, 18407.284805042]
X = 0, ENORMOUS = 9871.425466, HUGE = 861.013216, BIG = 27.706049710000002, SMALL = 4.884361867 [run 1/3 for test 37/190]
X = 0, ENORMOUS = 9871.425466, HUGE = 861.013216, BIG = 27.706049710000002, SMALL = 4.884361867 [run 2/3 for test 37/190]
X = 0, ENORMOUS = 9871.425466, HUGE = 861.013216, BIG = 27.706049710000002, SMALL = 4.884361867 [run 3/3 for test 37/190]
[10765.029093576999, 10765.029093576999, 10765.029093576999]
X = 1, ENORMOUS = 9871.425466, HUGE = 861.013216, BIG = 27.706049710000002, SMALL = 4.884361867 [run 1/3 for test 38/190]
X = 1, ENORMOUS = 9871.425466, HUGE = 861.013216, BIG = 27.706049710000002, SMALL = 4.884361867 [run 2/3 for test 38/190]
X = 1, ENORMOUS = 9871.425466, HUGE = 861.013216, BIG = 27.706049710000002, SMALL = 4.884361867 [run 3/3 for test 38/190]
[21530.058187153998, 21530.058187153998, 21530.058187153998]
X = 0, ENORMOUS = 2882.389219, HUGE = 595.9427387000001, BIG = 11.19474585, SMALL = 5.862069589 [run 1/3 for test 39/190]
X = 0, ENORMOUS = 2882.389219, HUGE = 595.9427387000001, BIG = 11.19474585, SMALL = 5.862069589 [run 2/3 for test 39/190]
X = 0, ENORMOUS = 2882.389219, HUGE = 595.9427387000001, BIG = 11.19474585, SMALL = 5.862069589 [run 3/3 for test 39/190]
[3495.388773139, 3495.388773139, 3495.388773139]
X = 1, ENORMOUS = 2882.389219, HUGE = 595.9427387000001, BIG = 11.19474585, SMALL = 5.862069589 [run 1/3 for test 40/190]
X = 1, ENORMOUS = 2882.389219, HUGE = 595.9427387000001, BIG = 11.19474585, SMALL = 5.862069589 [run 2/3 for test 40/190]
X = 1, ENORMOUS = 2882.389219, HUGE = 595.9427387000001, BIG = 11.19474585, SMALL = 5.862069589 [run 3/3 for test 40/190]
[6990.777546278, 6990.777546278, 6990.777546278]
X = 0, ENORMOUS = 8428.890505, HUGE = 776.746436, BIG = 39.74236613, SMALL = 4.099589202000001 [run 1/3 for test 41/190]
X = 0, ENORMOUS = 8428.890505, HUGE = 776.746436, BIG = 39.74236613, SMALL = 4.099589202000001 [run 2/3 for test 41/190]
X = 0, ENORMOUS = 8428.890505, HUGE = 776.746436, BIG = 39.74236613, SMALL = 4.099589202000001 [run 3/3 for test 41/190]
[9249.478896331999, 9249.478896331999, 9249.478896331999]
X = 1, ENORMOUS = 8428.890505, HUGE = 776.746436, BIG = 39.74236613, SMALL = 4.099589202000001 [run 1/3 for test 42/190]
X = 1, ENORMOUS = 8428.890505, HUGE = 776.746436, BIG = 39.74236613, SMALL = 4.099589202000001 [run 2/3 for test 42/190]
X = 1, ENORMOUS = 8428.890505, HUGE = 776.746436, BIG = 39.74236613, SMALL = 4.099589202000001 [run 3/3 for test 42/190]
[18498.957792663998, 18498.957792663998, 18498.957792663998]
X = 0, ENORMOUS = 9847.429742, HUGE = 800.3747682, BIG = 49.81209903, SMALL = 5.225093188 [run 1/3 for test 43/190]
X = 0, ENORMOUS = 9847.429742, HUGE = 800.3747682, BIG = 49.81209903, SMALL = 5.225093188 [run 2/3 for test 43/190]
X = 0, ENORMOUS = 9847.429742, HUGE = 800.3747682, BIG = 49.81209903, SMALL = 5.225093188 [run 3/3 for test 43/190]
[10702.841702418, 10702.841702418, 10702.841702418]
X = 1, ENORMOUS = 9847.429742, HUGE = 800.3747682, BIG = 49.81209903, SMALL = 5.225093188 [run 1/3 for test 44/190]
X = 1, ENORMOUS = 9847.429742, HUGE = 800.3747682, BIG = 49.81209903, SMALL = 5.225093188 [run 2/3 for test 44/190]
X = 1, ENORMOUS = 9847.429742, HUGE = 800.3747682, BIG = 49.81209903, SMALL = 5.225093188 [run 3/3 for test 44/190]
[21405.683404836, 21405.683404836, 21405.683404836]
X = 0, ENORMOUS = 6884.197623, HUGE = 971.0035922, BIG = 55.06426103, SMALL = 2.943068291 [run 1/3 for test 45/190]
X = 0, ENORMOUS = 6884.197623, HUGE = 971.0035922, BIG = 55.06426103, SMALL = 2.943068291 [run 2/3 for test 45/190]
X = 0, ENORMOUS = 6884.197623, HUGE = 971.0035922, BIG = 55.06426103, SMALL = 2.943068291 [run 3/3 for test 45/190]
[7913.208544521, 7913.208544521, 7913.208544521]
X = 1, ENORMOUS = 6884.197623, HUGE = 971.0035922, BIG = 55.06426103, SMALL = 2.943068291 [run 1/3 for test 46/190]
X = 1, ENORMOUS = 6884.197623, HUGE = 971.0035922, BIG = 55.06426103, SMALL = 2.943068291 [run 2/3 for test 46/190]
X = 1, ENORMOUS = 6884.197623, HUGE = 971.0035922, BIG = 55.06426103, SMALL = 2.943068291 [run 3/3 for test 46/190]
[15826.417089042, 15826.417089042, 15826.417089042]
X = 0, ENORMOUS = 2200.926617, HUGE = 616.7658546, BIG = 72.58369443, SMALL = 5.205709885000001 [run 1/3 for test 47/190]
X = 0, ENORMOUS = 2200.926617, HUGE = 616.7658546, BIG = 72.58369443, SMALL = 5.205709885000001 [run 2/3 for test 47/190]
X = 0, ENORMOUS = 2200.926617, HUGE = 616.7658546, BIG = 72.58369443, SMALL = 5.205709885000001 [run 3/3 for test 47/190]
[2895.4818759150003, 2895.4818759150003, 2895.4818759150003]
X = 1, ENORMOUS = 2200.926617, HUGE = 616.7658546, BIG = 72.58369443, SMALL = 5.205709885000001 [run 1/3 for test 48/190]
X = 1, ENORMOUS = 2200.926617, HUGE = 616.7658546, BIG = 72.58369443, SMALL = 5.205709885000001 [run 2/3 for test 48/190]
X = 1, ENORMOUS = 2200.926617, HUGE = 616.7658546, BIG = 72.58369443, SMALL = 5.205709885000001 [run 3/3 for test 48/190]
[5790.963751830001, 5790.963751830001, 5790.963751830001]
X = 0, ENORMOUS = 5018.266747, HUGE = 204.0346323, BIG = 22.55722717, SMALL = 5.683656107 [run 1/3 for test 49/190]
X = 0, ENORMOUS = 5018.266747, HUGE = 204.0346323, BIG = 22.55722717, SMALL = 5.683656107 [run 2/3 for test 49/190]
X = 0, ENORMOUS = 5018.266747, HUGE = 204.0346323, BIG = 22.55722717, SMALL = 5.683656107 [run 3/3 for test 49/190]
[5250.542262577001, 5250.542262577001, 5250.542262577001]
X = 1, ENORMOUS = 5018.266747, HUGE = 204.0346323, BIG = 22.55722717, SMALL = 5.683656107 [run 1/3 for test 50/190]
X = 1, ENORMOUS = 5018.266747, HUGE = 204.0346323, BIG = 22.55722717, SMALL = 5.683656107 [run 2/3 for test 50/190]
X = 1, ENORMOUS = 5018.266747, HUGE = 204.0346323, BIG = 22.55722717, SMALL = 5.683656107 [run 3/3 for test 50/190]
[10501.084525154001, 10501.084525154001, 10501.084525154001]
X = 0, ENORMOUS = 6885.124838, HUGE = 13.7934813, BIG = 24.769807699999998, SMALL = 6.524317451 [run 1/3 for test 51/190]
X = 0, ENORMOUS = 6885.124838, HUGE = 13.7934813, BIG = 24.769807699999998, SMALL = 6.524317451 [run 2/3 for test 51/190]
X = 0, ENORMOUS = 6885.124838, HUGE = 13.7934813, BIG = 24.769807699999998, SMALL = 6.524317451 [run 3/3 for test 51/190]
[6930.212444450999, 6930.212444450999, 6930.212444450999]
X = 1, ENORMOUS = 6885.124838, HUGE = 13.7934813, BIG = 24.769807699999998, SMALL = 6.524317451 [run 1/3 for test 52/190]
X = 1, ENORMOUS = 6885.124838, HUGE = 13.7934813, BIG = 24.769807699999998, SMALL = 6.524317451 [run 2/3 for test 52/190]
X = 1, ENORMOUS = 6885.124838, HUGE = 13.7934813, BIG = 24.769807699999998, SMALL = 6.524317451 [run 3/3 for test 52/190]
[13860.424888901998, 13860.424888901998, 13860.424888901998]
X = 0, ENORMOUS = 3885.378381, HUGE = 138.2387602, BIG = 34.29129624, SMALL = 6.468168385 [run 1/3 for test 53/190]
X = 0, ENORMOUS = 3885.378381, HUGE = 138.2387602, BIG = 34.29129624, SMALL = 6.468168385 [run 2/3 for test 53/190]
X = 0, ENORMOUS = 3885.378381, HUGE = 138.2387602, BIG = 34.29129624, SMALL = 6.468168385 [run 3/3 for test 53/190]
[4064.376605825, 4064.376605825, 4064.376605825]
X = 1, ENORMOUS = 3885.378381, HUGE = 138.2387602, BIG = 34.29129624, SMALL = 6.468168385 [run 1/3 for test 54/190]
X = 1, ENORMOUS = 3885.378381, HUGE = 138.2387602, BIG = 34.29129624, SMALL = 6.468168385 [run 2/3 for test 54/190]
X = 1, ENORMOUS = 3885.378381, HUGE = 138.2387602, BIG = 34.29129624, SMALL = 6.468168385 [run 3/3 for test 54/190]
[8128.75321165, 8128.75321165, 8128.75321165]
X = 0, ENORMOUS = 3156.4622209999998, HUGE = 204.1267385, BIG = 35.63077368, SMALL = 6.0163543090000005 [run 1/3 for test 55/190]
X = 0, ENORMOUS = 3156.4622209999998, HUGE = 204.1267385, BIG = 35.63077368, SMALL = 6.0163543090000005 [run 2/3 for test 55/190]
X = 0, ENORMOUS = 3156.4622209999998, HUGE = 204.1267385, BIG = 35.63077368, SMALL = 6.0163543090000005 [run 3/3 for test 55/190]
[3402.2360874889996, 3402.2360874889996, 3402.2360874889996]
X = 1, ENORMOUS = 3156.4622209999998, HUGE = 204.1267385, BIG = 35.63077368, SMALL = 6.0163543090000005 [run 1/3 for test 56/190]
X = 1, ENORMOUS = 3156.4622209999998, HUGE = 204.1267385, BIG = 35.63077368, SMALL = 6.0163543090000005 [run 2/3 for test 56/190]
X = 1, ENORMOUS = 3156.4622209999998, HUGE = 204.1267385, BIG = 35.63077368, SMALL = 6.0163543090000005 [run 3/3 for test 56/190]
[6804.472174977999, 6804.472174977999, 6804.472174977999]
X = 0, ENORMOUS = 2510.551035, HUGE = 867.1263716999999, BIG = 53.430919509999995, SMALL = 4.311691553 [run 1/3 for test 57/190]
X = 0, ENORMOUS = 2510.551035, HUGE = 867.1263716999999, BIG = 53.430919509999995, SMALL = 4.311691553 [run 2/3 for test 57/190]
X = 0, ENORMOUS = 2510.551035, HUGE = 867.1263716999999, BIG = 53.430919509999995, SMALL = 4.311691553 [run 3/3 for test 57/190]
[3435.4200177629996, 3435.4200177629996, 3435.4200177629996]
X = 1, ENORMOUS = 2510.551035, HUGE = 867.1263716999999, BIG = 53.430919509999995, SMALL = 4.311691553 [run 1/3 for test 58/190]
X = 1, ENORMOUS = 2510.551035, HUGE = 867.1263716999999, BIG = 53.430919509999995, SMALL = 4.311691553 [run 2/3 for test 58/190]
X = 1, ENORMOUS = 2510.551035, HUGE = 867.1263716999999, BIG = 53.430919509999995, SMALL = 4.311691553 [run 3/3 for test 58/190]
[6870.840035525999, 6870.840035525999, 6870.840035525999]
X = 0, ENORMOUS = 2752.985354, HUGE = 808.7358298, BIG = 6.19539854, SMALL = 0.166006058 [run 1/3 for test 59/190]
X = 0, ENORMOUS = 2752.985354, HUGE = 808.7358298, BIG = 6.19539854, SMALL = 0.166006058 [run 2/3 for test 59/190]
X = 0, ENORMOUS = 2752.985354, HUGE = 808.7358298, BIG = 6.19539854, SMALL = 0.166006058 [run 3/3 for test 59/190]
[3568.082588398, 3568.082588398, 3568.082588398]
X = 1, ENORMOUS = 2752.985354, HUGE = 808.7358298, BIG = 6.19539854, SMALL = 0.166006058 [run 1/3 for test 60/190]
X = 1, ENORMOUS = 2752.985354, HUGE = 808.7358298, BIG = 6.19539854, SMALL = 0.166006058 [run 2/3 for test 60/190]
X = 1, ENORMOUS = 2752.985354, HUGE = 808.7358298, BIG = 6.19539854, SMALL = 0.166006058 [run 3/3 for test 60/190]
[7136.165176796, 7136.165176796, 7136.165176796]
X = 0, ENORMOUS = 8815.24418, HUGE = 974.053931, BIG = 66.49464457, SMALL = 5.255533389 [run 1/3 for test 61/190]
X = 0, ENORMOUS = 8815.24418, HUGE = 974.053931, BIG = 66.49464457, SMALL = 5.255533389 [run 2/3 for test 61/190]
X = 0, ENORMOUS = 8815.24418, HUGE = 974.053931, BIG = 66.49464457, SMALL = 5.255533389 [run 3/3 for test 61/190]
[9861.048288959, 9861.048288959, 9861.048288959]
X = 1, ENORMOUS = 8815.24418, HUGE = 974.053931, BIG = 66.49464457, SMALL = 5.255533389 [run 1/3 for test 62/190]
X = 1, ENORMOUS = 8815.24418, HUGE = 974.053931, BIG = 66.49464457, SMALL = 5.255533389 [run 2/3 for test 62/190]
X = 1, ENORMOUS = 8815.24418, HUGE = 974.053931, BIG = 66.49464457, SMALL = 5.255533389 [run 3/3 for test 62/190]
[19722.096577918, 19722.096577918, 19722.096577918]
X = 0, ENORMOUS = 7696.175384, HUGE = 269.7572655, BIG = 22.14903701, SMALL = 4.826133589 [run 1/3 for test 63/190]
X = 0, ENORMOUS = 7696.175384, HUGE = 269.7572655, BIG = 22.14903701, SMALL = 4.826133589 [run 2/3 for test 63/190]
X = 0, ENORMOUS = 7696.175384, HUGE = 269.7572655, BIG = 22.14903701, SMALL = 4.826133589 [run 3/3 for test 63/190]
[7992.907820099001, 7992.907820099001, 7992.907820099001]
X = 1, ENORMOUS = 7696.175384, HUGE = 269.7572655, BIG = 22.14903701, SMALL = 4.826133589 [run 1/3 for test 64/190]
X = 1, ENORMOUS = 7696.175384, HUGE = 269.7572655, BIG = 22.14903701, SMALL = 4.826133589 [run 2/3 for test 64/190]
X = 1, ENORMOUS = 7696.175384, HUGE = 269.7572655, BIG = 22.14903701, SMALL = 4.826133589 [run 3/3 for test 64/190]
[15985.815640198001, 15985.815640198001, 15985.815640198001]
X = 0, ENORMOUS = 4556.313436, HUGE = 211.4537125, BIG = 7.27089234, SMALL = 7.139954306 [run 1/3 for test 65/190]
X = 0, ENORMOUS = 4556.313436, HUGE = 211.4537125, BIG = 7.27089234, SMALL = 7.139954306 [run 2/3 for test 65/190]
X = 0, ENORMOUS = 4556.313436, HUGE = 211.4537125, BIG = 7.27089234, SMALL = 7.139954306 [run 3/3 for test 65/190]
[4782.177995145999, 4782.177995145999, 4782.177995145999]
X = 1, ENORMOUS = 4556.313436, HUGE = 211.4537125, BIG = 7.27089234, SMALL = 7.139954306 [run 1/3 for test 66/190]
X = 1, ENORMOUS = 4556.313436, HUGE = 211.4537125, BIG = 7.27089234, SMALL = 7.139954306 [run 2/3 for test 66/190]
X = 1, ENORMOUS = 4556.313436, HUGE = 211.4537125, BIG = 7.27089234, SMALL = 7.139954306 [run 3/3 for test 66/190]
[9564.355990291999, 9564.355990291999, 9564.355990291999]
X = 0, ENORMOUS = 9129.281261, HUGE = 154.0173802, BIG = 29.14782516, SMALL = 5.213261879999999 [run 1/3 for test 67/190]
X = 0, ENORMOUS = 9129.281261, HUGE = 154.0173802, BIG = 29.14782516, SMALL = 5.213261879999999 [run 2/3 for test 67/190]
X = 0, ENORMOUS = 9129.281261, HUGE = 154.0173802, BIG = 29.14782516, SMALL = 5.213261879999999 [run 3/3 for test 67/190]
[9317.659728240002, 9317.659728240002, 9317.659728240002]
X = 1, ENORMOUS = 9129.281261, HUGE = 154.0173802, BIG = 29.14782516, SMALL = 5.213261879999999 [run 1/3 for test 68/190]
X = 1, ENORMOUS = 9129.281261, HUGE = 154.0173802, BIG = 29.14782516, SMALL = 5.213261879999999 [run 2/3 for test 68/190]
X = 1, ENORMOUS = 9129.281261, HUGE = 154.0173802, BIG = 29.14782516, SMALL = 5.213261879999999 [run 3/3 for test 68/190]
[18635.319456480003, 18635.319456480003, 18635.319456480003]
X = 0, ENORMOUS = 7729.084289, HUGE = 311.337088, BIG = 66.83147955, SMALL = 1.3528107459999998 [run 1/3 for test 69/190]
X = 0, ENORMOUS = 7729.084289, HUGE = 311.337088, BIG = 66.83147955, SMALL = 1.3528107459999998 [run 2/3 for test 69/190]
X = 0, ENORMOUS = 7729.084289, HUGE = 311.337088, BIG = 66.83147955, SMALL = 1.3528107459999998 [run 3/3 for test 69/190]
[8108.605667296, 8108.605667296, 8108.605667296]
X = 1, ENORMOUS = 7729.084289, HUGE = 311.337088, BIG = 66.83147955, SMALL = 1.3528107459999998 [run 1/3 for test 70/190]
X = 1, ENORMOUS = 7729.084289, HUGE = 311.337088, BIG = 66.83147955, SMALL = 1.3528107459999998 [run 2/3 for test 70/190]
X = 1, ENORMOUS = 7729.084289, HUGE = 311.337088, BIG = 66.83147955, SMALL = 1.3528107459999998 [run 3/3 for test 70/190]
[16217.211334592, 16217.211334592, 16217.211334592]
X = 0, ENORMOUS = 282.54552, HUGE = 71.4382103, BIG = 63.51182708, SMALL = 0.7010534290000001 [run 1/3 for test 71/190]
X = 0, ENORMOUS = 282.54552, HUGE = 71.4382103, BIG = 63.51182708, SMALL = 0.7010534290000001 [run 2/3 for test 71/190]
X = 0, ENORMOUS = 282.54552, HUGE = 71.4382103, BIG = 63.51182708, SMALL = 0.7010534290000001 [run 3/3 for test 71/190]
[418.196610809, 418.196610809, 418.196610809]
X = 1, ENORMOUS = 282.54552, HUGE = 71.4382103, BIG = 63.51182708, SMALL = 0.7010534290000001 [run 1/3 for test 72/190]
X = 1, ENORMOUS = 282.54552, HUGE = 71.4382103, BIG = 63.51182708, SMALL = 0.7010534290000001 [run 2/3 for test 72/190]
X = 1, ENORMOUS = 282.54552, HUGE = 71.4382103, BIG = 63.51182708, SMALL = 0.7010534290000001 [run 3/3 for test 72/190]
[836.393221618, 836.393221618, 836.393221618]
X = 0, ENORMOUS = 1228.140031, HUGE = 42.1414373, BIG = 13.970575599999998, SMALL = 5.504852929 [run 1/3 for test 73/190]
X = 0, ENORMOUS = 1228.140031, HUGE = 42.1414373, BIG = 13.970575599999998, SMALL = 5.504852929 [run 2/3 for test 73/190]
X = 0, ENORMOUS = 1228.140031, HUGE = 42.1414373, BIG = 13.970575599999998, SMALL = 5.504852929 [run 3/3 for test 73/190]
[1289.756896829, 1289.756896829, 1289.756896829]
X = 1, ENORMOUS = 1228.140031, HUGE = 42.1414373, BIG = 13.970575599999998, SMALL = 5.504852929 [run 1/3 for test 74/190]
X = 1, ENORMOUS = 1228.140031, HUGE = 42.1414373, BIG = 13.970575599999998, SMALL = 5.504852929 [run 2/3 for test 74/190]
X = 1, ENORMOUS = 1228.140031, HUGE = 42.1414373, BIG = 13.970575599999998, SMALL = 5.504852929 [run 3/3 for test 74/190]
[2579.513793658, 2579.513793658, 2579.513793658]
X = 0, ENORMOUS = 4121.104507, HUGE = 2.7596016999999997, BIG = 37.33047342, SMALL = 8.474196896 [run 1/3 for test 75/190]
X = 0, ENORMOUS = 4121.104507, HUGE = 2.7596016999999997, BIG = 37.33047342, SMALL = 8.474196896 [run 2/3 for test 75/190]
X = 0, ENORMOUS = 4121.104507, HUGE = 2.7596016999999997, BIG = 37.33047342, SMALL = 8.474196896 [run 3/3 for test 75/190]
[4169.6687790159995, 4169.6687790159995, 4169.6687790159995]
X = 1, ENORMOUS = 4121.104507, HUGE = 2.7596016999999997, BIG = 37.33047342, SMALL = 8.474196896 [run 1/3 for test 76/190]
X = 1, ENORMOUS = 4121.104507, HUGE = 2.7596016999999997, BIG = 37.33047342, SMALL = 8.474196896 [run 2/3 for test 76/190]
X = 1, ENORMOUS = 4121.104507, HUGE = 2.7596016999999997, BIG = 37.33047342, SMALL = 8.474196896 [run 3/3 for test 76/190]
[8339.337558031999, 8339.337558031999, 8339.337558031999]
X = 0, ENORMOUS = 178.240447, HUGE = 290.2627124, BIG = 67.39574494, SMALL = 9.150338646 [run 1/3 for test 77/190]
X = 0, ENORMOUS = 178.240447, HUGE = 290.2627124, BIG = 67.39574494, SMALL = 9.150338646 [run 2/3 for test 77/190]
X = 0, ENORMOUS = 178.240447, HUGE = 290.2627124, BIG = 67.39574494, SMALL = 9.150338646 [run 3/3 for test 77/190]
[545.049242986, 545.049242986, 545.049242986]
X = 1, ENORMOUS = 178.240447, HUGE = 290.2627124, BIG = 67.39574494, SMALL = 9.150338646 [run 1/3 for test 78/190]
X = 1, ENORMOUS = 178.240447, HUGE = 290.2627124, BIG = 67.39574494, SMALL = 9.150338646 [run 2/3 for test 78/190]
X = 1, ENORMOUS = 178.240447, HUGE = 290.2627124, BIG = 67.39574494, SMALL = 9.150338646 [run 3/3 for test 78/190]
[1090.098485972, 1090.098485972, 1090.098485972]
X = 0, ENORMOUS = 5795.7878709999995, HUGE = 549.6081592999999, BIG = 44.205398530000004, SMALL = 5.236690190999999 [run 1/3 for test 79/190]
X = 0, ENORMOUS = 5795.7878709999995, HUGE = 549.6081592999999, BIG = 44.205398530000004, SMALL = 5.236690190999999 [run 2/3 for test 79/190]
X = 0, ENORMOUS = 5795.7878709999995, HUGE = 549.6081592999999, BIG = 44.205398530000004, SMALL = 5.236690190999999 [run 3/3 for test 79/190]
[6394.838119020999, 6394.838119020999, 6394.838119020999]
X = 1, ENORMOUS = 5795.7878709999995, HUGE = 549.6081592999999, BIG = 44.205398530000004, SMALL = 5.236690190999999 [run 1/3 for test 80/190]
X = 1, ENORMOUS = 5795.7878709999995, HUGE = 549.6081592999999, BIG = 44.205398530000004, SMALL = 5.236690190999999 [run 2/3 for test 80/190]
X = 1, ENORMOUS = 5795.7878709999995, HUGE = 549.6081592999999, BIG = 44.205398530000004, SMALL = 5.236690190999999 [run 3/3 for test 80/190]
[12789.676238041999, 12789.676238041999, 12789.676238041999]
X = 0, ENORMOUS = 8802.244638, HUGE = 613.5469105, BIG = 34.40662064, SMALL = 3.482057441 [run 1/3 for test 81/190]
X = 0, ENORMOUS = 8802.244638, HUGE = 613.5469105, BIG = 34.40662064, SMALL = 3.482057441 [run 2/3 for test 81/190]
X = 0, ENORMOUS = 8802.244638, HUGE = 613.5469105, BIG = 34.40662064, SMALL = 3.482057441 [run 3/3 for test 81/190]
[9453.680226581, 9453.680226581, 9453.680226581]
X = 1, ENORMOUS = 8802.244638, HUGE = 613.5469105, BIG = 34.40662064, SMALL = 3.482057441 [run 1/3 for test 82/190]
X = 1, ENORMOUS = 8802.244638, HUGE = 613.5469105, BIG = 34.40662064, SMALL = 3.482057441 [run 2/3 for test 82/190]
X = 1, ENORMOUS = 8802.244638, HUGE = 613.5469105, BIG = 34.40662064, SMALL = 3.482057441 [run 3/3 for test 82/190]
[18907.360453162, 18907.360453162, 18907.360453162]
X = 0, ENORMOUS = 8545.20238, HUGE = 404.14803589999997, BIG = 48.89103549, SMALL = 6.50178527 [run 1/3 for test 83/190]
X = 0, ENORMOUS = 8545.20238, HUGE = 404.14803589999997, BIG = 48.89103549, SMALL = 6.50178527 [run 2/3 for test 83/190]
X = 0, ENORMOUS = 8545.20238, HUGE = 404.14803589999997, BIG = 48.89103549, SMALL = 6.50178527 [run 3/3 for test 83/190]
[9004.74323666, 9004.74323666, 9004.74323666]
X = 1, ENORMOUS = 8545.20238, HUGE = 404.14803589999997, BIG = 48.89103549, SMALL = 6.50178527 [run 1/3 for test 84/190]
X = 1, ENORMOUS = 8545.20238, HUGE = 404.14803589999997, BIG = 48.89103549, SMALL = 6.50178527 [run 2/3 for test 84/190]
X = 1, ENORMOUS = 8545.20238, HUGE = 404.14803589999997, BIG = 48.89103549, SMALL = 6.50178527 [run 3/3 for test 84/190]
[18009.48647332, 18009.48647332, 18009.48647332]
X = 0, ENORMOUS = 3128.8885929999997, HUGE = 0.4119852, BIG = 64.26318942, SMALL = 5.804271956 [run 1/3 for test 85/190]
X = 0, ENORMOUS = 3128.8885929999997, HUGE = 0.4119852, BIG = 64.26318942, SMALL = 5.804271956 [run 2/3 for test 85/190]
X = 0, ENORMOUS = 3128.8885929999997, HUGE = 0.4119852, BIG = 64.26318942, SMALL = 5.804271956 [run 3/3 for test 85/190]
[3199.3680395759993, 3199.3680395759993, 3199.3680395759993]
X = 1, ENORMOUS = 3128.8885929999997, HUGE = 0.4119852, BIG = 64.26318942, SMALL = 5.804271956 [run 1/3 for test 86/190]
X = 1, ENORMOUS = 3128.8885929999997, HUGE = 0.4119852, BIG = 64.26318942, SMALL = 5.804271956 [run 2/3 for test 86/190]
X = 1, ENORMOUS = 3128.8885929999997, HUGE = 0.4119852, BIG = 64.26318942, SMALL = 5.804271956 [run 3/3 for test 86/190]
[6398.736079151999, 6398.736079151999, 6398.736079151999]
X = 0, ENORMOUS = 2310.665119, HUGE = 130.0236697, BIG = 55.37611032, SMALL = 8.566014478 [run 1/3 for test 87/190]
X = 0, ENORMOUS = 2310.665119, HUGE = 130.0236697, BIG = 55.37611032, SMALL = 8.566014478 [run 2/3 for test 87/190]
X = 0, ENORMOUS = 2310.665119, HUGE = 130.0236697, BIG = 55.37611032, SMALL = 8.566014478 [run 3/3 for test 87/190]
[2504.6309134979997, 2504.6309134979997, 2504.6309134979997]
X = 1, ENORMOUS = 2310.665119, HUGE = 130.0236697, BIG = 55.37611032, SMALL = 8.566014478 [run 1/3 for test 88/190]
X = 1, ENORMOUS = 2310.665119, HUGE = 130.0236697, BIG = 55.37611032, SMALL = 8.566014478 [run 2/3 for test 88/190]
X = 1, ENORMOUS = 2310.665119, HUGE = 130.0236697, BIG = 55.37611032, SMALL = 8.566014478 [run 3/3 for test 88/190]
[5009.261826995999, 5009.261826995999, 5009.261826995999]
X = 0, ENORMOUS = 7039.9279989999995, HUGE = 232.24492629999997, BIG = 76.22091272, SMALL = 9.851679755 [run 1/3 for test 89/190]
X = 0, ENORMOUS = 7039.9279989999995, HUGE = 232.24492629999997, BIG = 76.22091272, SMALL = 9.851679755 [run 2/3 for test 89/190]
X = 0, ENORMOUS = 7039.9279989999995, HUGE = 232.24492629999997, BIG = 76.22091272, SMALL = 9.851679755 [run 3/3 for test 89/190]
[7358.245517775, 7358.245517775, 7358.245517775]
X = 1, ENORMOUS = 7039.9279989999995, HUGE = 232.24492629999997, BIG = 76.22091272, SMALL = 9.851679755 [run 1/3 for test 90/190]
X = 1, ENORMOUS = 7039.9279989999995, HUGE = 232.24492629999997, BIG = 76.22091272, SMALL = 9.851679755 [run 2/3 for test 90/190]
X = 1, ENORMOUS = 7039.9279989999995, HUGE = 232.24492629999997, BIG = 76.22091272, SMALL = 9.851679755 [run 3/3 for test 90/190]
[14716.49103555, 14716.49103555, 14716.49103555]
X = 0, ENORMOUS = 8205.65165, HUGE = 291.42736809999997, BIG = 87.9232479, SMALL = 6.02916606 [run 1/3 for test 91/190]
X = 0, ENORMOUS = 8205.65165, HUGE = 291.42736809999997, BIG = 87.9232479, SMALL = 6.02916606 [run 2/3 for test 91/190]
X = 0, ENORMOUS = 8205.65165, HUGE = 291.42736809999997, BIG = 87.9232479, SMALL = 6.02916606 [run 3/3 for test 91/190]
[8591.03143206, 8591.03143206, 8591.03143206]
X = 1, ENORMOUS = 8205.65165, HUGE = 291.42736809999997, BIG = 87.9232479, SMALL = 6.02916606 [run 1/3 for test 92/190]
X = 1, ENORMOUS = 8205.65165, HUGE = 291.42736809999997, BIG = 87.9232479, SMALL = 6.02916606 [run 2/3 for test 92/190]
X = 1, ENORMOUS = 8205.65165, HUGE = 291.42736809999997, BIG = 87.9232479, SMALL = 6.02916606 [run 3/3 for test 92/190]
[17182.06286412, 17182.06286412, 17182.06286412]
X = 0, ENORMOUS = 4456.010011, HUGE = 312.9491245, BIG = 96.50179704, SMALL = 7.335161255 [run 1/3 for test 93/190]
X = 0, ENORMOUS = 4456.010011, HUGE = 312.9491245, BIG = 96.50179704, SMALL = 7.335161255 [run 2/3 for test 93/190]
X = 0, ENORMOUS = 4456.010011, HUGE = 312.9491245, BIG = 96.50179704, SMALL = 7.335161255 [run 3/3 for test 93/190]
[4872.796093795, 4872.796093795, 4872.796093795]
X = 1, ENORMOUS = 4456.010011, HUGE = 312.9491245, BIG = 96.50179704, SMALL = 7.335161255 [run 1/3 for test 94/190]
X = 1, ENORMOUS = 4456.010011, HUGE = 312.9491245, BIG = 96.50179704, SMALL = 7.335161255 [run 2/3 for test 94/190]
X = 1, ENORMOUS = 4456.010011, HUGE = 312.9491245, BIG = 96.50179704, SMALL = 7.335161255 [run 3/3 for test 94/190]
[9745.59218759, 9745.59218759, 9745.59218759]
X = 0, ENORMOUS = 648.117203, HUGE = 630.1245356000001, BIG = 60.780669259999996, SMALL = 7.869175728 [run 1/3 for test 95/190]
X = 0, ENORMOUS = 648.117203, HUGE = 630.1245356000001, BIG = 60.780669259999996, SMALL = 7.869175728 [run 2/3 for test 95/190]
X = 0, ENORMOUS = 648.117203, HUGE = 630.1245356000001, BIG = 60.780669259999996, SMALL = 7.869175728 [run 3/3 for test 95/190]
[1346.8915835880002, 1346.8915835880002, 1346.8915835880002]
X = 1, ENORMOUS = 648.117203, HUGE = 630.1245356000001, BIG = 60.780669259999996, SMALL = 7.869175728 [run 1/3 for test 96/190]
X = 1, ENORMOUS = 648.117203, HUGE = 630.1245356000001, BIG = 60.780669259999996, SMALL = 7.869175728 [run 2/3 for test 96/190]
X = 1, ENORMOUS = 648.117203, HUGE = 630.1245356000001, BIG = 60.780669259999996, SMALL = 7.869175728 [run 3/3 for test 96/190]
[2693.7831671760005, 2693.7831671760005, 2693.7831671760005]
X = 0, ENORMOUS = 1067.157111, HUGE = 648.6666221, BIG = 90.16274104, SMALL = 7.960959493999999 [run 1/3 for test 97/190]
X = 0, ENORMOUS = 1067.157111, HUGE = 648.6666221, BIG = 90.16274104, SMALL = 7.960959493999999 [run 2/3 for test 97/190]
X = 0, ENORMOUS = 1067.157111, HUGE = 648.6666221, BIG = 90.16274104, SMALL = 7.960959493999999 [run 3/3 for test 97/190]
[1813.947433634, 1813.947433634, 1813.947433634]
X = 1, ENORMOUS = 1067.157111, HUGE = 648.6666221, BIG = 90.16274104, SMALL = 7.960959493999999 [run 1/3 for test 98/190]
X = 1, ENORMOUS = 1067.157111, HUGE = 648.6666221, BIG = 90.16274104, SMALL = 7.960959493999999 [run 2/3 for test 98/190]
X = 1, ENORMOUS = 1067.157111, HUGE = 648.6666221, BIG = 90.16274104, SMALL = 7.960959493999999 [run 3/3 for test 98/190]
[3627.894867268, 3627.894867268, 3627.894867268]
X = 0, ENORMOUS = 1093.719525, HUGE = 666.1426413, BIG = 51.97587432, SMALL = 7.408536505 [run 1/3 for test 99/190]
X = 0, ENORMOUS = 1093.719525, HUGE = 666.1426413, BIG = 51.97587432, SMALL = 7.408536505 [run 2/3 for test 99/190]
X = 0, ENORMOUS = 1093.719525, HUGE = 666.1426413, BIG = 51.97587432, SMALL = 7.408536505 [run 3/3 for test 99/190]
[1819.246577125, 1819.246577125, 1819.246577125]
X = 1, ENORMOUS = 1093.719525, HUGE = 666.1426413, BIG = 51.97587432, SMALL = 7.408536505 [run 1/3 for test 100/190]
X = 1, ENORMOUS = 1093.719525, HUGE = 666.1426413, BIG = 51.97587432, SMALL = 7.408536505 [run 2/3 for test 100/190]
X = 1, ENORMOUS = 1093.719525, HUGE = 666.1426413, BIG = 51.97587432, SMALL = 7.408536505 [run 3/3 for test 100/190]
[3638.49315425, 3638.49315425, 3638.49315425]
X = 0, ENORMOUS = 5261.910073, HUGE = 713.5728472000001, BIG = 32.79585664, SMALL = 6.918056842 [run 1/3 for test 101/190]
X = 0, ENORMOUS = 5261.910073, HUGE = 713.5728472000001, BIG = 32.79585664, SMALL = 6.918056842 [run 2/3 for test 101/190]
X = 0, ENORMOUS = 5261.910073, HUGE = 713.5728472000001, BIG = 32.79585664, SMALL = 6.918056842 [run 3/3 for test 101/190]
[6015.196833682, 6015.196833682, 6015.196833682]
X = 1, ENORMOUS = 5261.910073, HUGE = 713.5728472000001, BIG = 32.79585664, SMALL = 6.918056842 [run 1/3 for test 102/190]
X = 1, ENORMOUS = 5261.910073, HUGE = 713.5728472000001, BIG = 32.79585664, SMALL = 6.918056842 [run 2/3 for test 102/190]
X = 1, ENORMOUS = 5261.910073, HUGE = 713.5728472000001, BIG = 32.79585664, SMALL = 6.918056842 [run 3/3 for test 102/190]
[12030.393667364, 12030.393667364, 12030.393667364]
X = 0, ENORMOUS = 8020.207747, HUGE = 168.0874287, BIG = 41.578519650000004, SMALL = 3.034895805 [run 1/3 for test 103/190]
X = 0, ENORMOUS = 8020.207747, HUGE = 168.0874287, BIG = 41.578519650000004, SMALL = 3.034895805 [run 2/3 for test 103/190]
X = 0, ENORMOUS = 8020.207747, HUGE = 168.0874287, BIG = 41.578519650000004, SMALL = 3.034895805 [run 3/3 for test 103/190]
[8232.908591155, 8232.908591155, 8232.908591155]
X = 1, ENORMOUS = 8020.207747, HUGE = 168.0874287, BIG = 41.578519650000004, SMALL = 3.034895805 [run 1/3 for test 104/190]
X = 1, ENORMOUS = 8020.207747, HUGE = 168.0874287, BIG = 41.578519650000004, SMALL = 3.034895805 [run 2/3 for test 104/190]
X = 1, ENORMOUS = 8020.207747, HUGE = 168.0874287, BIG = 41.578519650000004, SMALL = 3.034895805 [run 3/3 for test 104/190]
[16465.81718231, 16465.81718231, 16465.81718231]
X = 0, ENORMOUS = 5885.9322219999995, HUGE = 242.9852784, BIG = 40.51551851, SMALL = 0.698220814 [run 1/3 for test 105/190]
X = 0, ENORMOUS = 5885.9322219999995, HUGE = 242.9852784, BIG = 40.51551851, SMALL = 0.698220814 [run 2/3 for test 105/190]
X = 0, ENORMOUS = 5885.9322219999995, HUGE = 242.9852784, BIG = 40.51551851, SMALL = 0.698220814 [run 3/3 for test 105/190]
[6170.131239724, 6170.131239724, 6170.131239724]
X = 1, ENORMOUS = 5885.9322219999995, HUGE = 242.9852784, BIG = 40.51551851, SMALL = 0.698220814 [run 1/3 for test 106/190]
X = 1, ENORMOUS = 5885.9322219999995, HUGE = 242.9852784, BIG = 40.51551851, SMALL = 0.698220814 [run 2/3 for test 106/190]
X = 1, ENORMOUS = 5885.9322219999995, HUGE = 242.9852784, BIG = 40.51551851, SMALL = 0.698220814 [run 3/3 for test 106/190]
[12340.262479448, 12340.262479448, 12340.262479448]
X = 0, ENORMOUS = 9198.605951, HUGE = 307.2917634, BIG = 11.03854459, SMALL = 7.082765126 [run 1/3 for test 107/190]
X = 0, ENORMOUS = 9198.605951, HUGE = 307.2917634, BIG = 11.03854459, SMALL = 7.082765126 [run 2/3 for test 107/190]
X = 0, ENORMOUS = 9198.605951, HUGE = 307.2917634, BIG = 11.03854459, SMALL = 7.082765126 [run 3/3 for test 107/190]
[9524.019024116, 9524.019024116, 9524.019024116]
X = 1, ENORMOUS = 9198.605951, HUGE = 307.2917634, BIG = 11.03854459, SMALL = 7.082765126 [run 1/3 for test 108/190]
X = 1, ENORMOUS = 9198.605951, HUGE = 307.2917634, BIG = 11.03854459, SMALL = 7.082765126 [run 2/3 for test 108/190]
X = 1, ENORMOUS = 9198.605951, HUGE = 307.2917634, BIG = 11.03854459, SMALL = 7.082765126 [run 3/3 for test 108/190]
[19048.038048232, 19048.038048232, 19048.038048232]
X = 0, ENORMOUS = 3404.1089079999997, HUGE = 175.3485457, BIG = 6.547977400000001, SMALL = 4.645921965 [run 1/3 for test 109/190]
X = 0, ENORMOUS = 3404.1089079999997, HUGE = 175.3485457, BIG = 6.547977400000001, SMALL = 4.645921965 [run 2/3 for test 109/190]
X = 0, ENORMOUS = 3404.1089079999997, HUGE = 175.3485457, BIG = 6.547977400000001, SMALL = 4.645921965 [run 3/3 for test 109/190]
[3590.651353065, 3590.651353065, 3590.651353065]
X = 1, ENORMOUS = 3404.1089079999997, HUGE = 175.3485457, BIG = 6.547977400000001, SMALL = 4.645921965 [run 1/3 for test 110/190]
X = 1, ENORMOUS = 3404.1089079999997, HUGE = 175.3485457, BIG = 6.547977400000001, SMALL = 4.645921965 [run 2/3 for test 110/190]
X = 1, ENORMOUS = 3404.1089079999997, HUGE = 175.3485457, BIG = 6.547977400000001, SMALL = 4.645921965 [run 3/3 for test 110/190]
[7181.30270613, 7181.30270613, 7181.30270613]
X = 0, ENORMOUS = 1925.513307, HUGE = 605.616909, BIG = 33.35525962, SMALL = 7.499781791 [run 1/3 for test 111/190]
X = 0, ENORMOUS = 1925.513307, HUGE = 605.616909, BIG = 33.35525962, SMALL = 7.499781791 [run 2/3 for test 111/190]
X = 0, ENORMOUS = 1925.513307, HUGE = 605.616909, BIG = 33.35525962, SMALL = 7.499781791 [run 3/3 for test 111/190]
[2571.985257411, 2571.985257411, 2571.985257411]
X = 1, ENORMOUS = 1925.513307, HUGE = 605.616909, BIG = 33.35525962, SMALL = 7.499781791 [run 1/3 for test 112/190]
X = 1, ENORMOUS = 1925.513307, HUGE = 605.616909, BIG = 33.35525962, SMALL = 7.499781791 [run 2/3 for test 112/190]
X = 1, ENORMOUS = 1925.513307, HUGE = 605.616909, BIG = 33.35525962, SMALL = 7.499781791 [run 3/3 for test 112/190]
[5143.970514822, 5143.970514822, 5143.970514822]
X = 0, ENORMOUS = 8178.376011, HUGE = 909.6159955999999, BIG = 34.12883764, SMALL = 5.99162658 [run 1/3 for test 113/190]
X = 0, ENORMOUS = 8178.376011, HUGE = 909.6159955999999, BIG = 34.12883764, SMALL = 5.99162658 [run 2/3 for test 113/190]
X = 0, ENORMOUS = 8178.376011, HUGE = 909.6159955999999, BIG = 34.12883764, SMALL = 5.99162658 [run 3/3 for test 113/190]
[9128.11247082, 9128.11247082, 9128.11247082]
X = 1, ENORMOUS = 8178.376011, HUGE = 909.6159955999999, BIG = 34.12883764, SMALL = 5.99162658 [run 1/3 for test 114/190]
X = 1, ENORMOUS = 8178.376011, HUGE = 909.6159955999999, BIG = 34.12883764, SMALL = 5.99162658 [run 2/3 for test 114/190]
X = 1, ENORMOUS = 8178.376011, HUGE = 909.6159955999999, BIG = 34.12883764, SMALL = 5.99162658 [run 3/3 for test 114/190]
[18256.22494164, 18256.22494164, 18256.22494164]
X = 0, ENORMOUS = 8384.594799, HUGE = 569.2345523, BIG = 96.441081, SMALL = 9.035941293 [run 1/3 for test 115/190]
X = 0, ENORMOUS = 8384.594799, HUGE = 569.2345523, BIG = 96.441081, SMALL = 9.035941293 [run 2/3 for test 115/190]
X = 0, ENORMOUS = 8384.594799, HUGE = 569.2345523, BIG = 96.441081, SMALL = 9.035941293 [run 3/3 for test 115/190]
[9059.306373593, 9059.306373593, 9059.306373593]
X = 1, ENORMOUS = 8384.594799, HUGE = 569.2345523, BIG = 96.441081, SMALL = 9.035941293 [run 1/3 for test 116/190]
X = 1, ENORMOUS = 8384.594799, HUGE = 569.2345523, BIG = 96.441081, SMALL = 9.035941293 [run 2/3 for test 116/190]
X = 1, ENORMOUS = 8384.594799, HUGE = 569.2345523, BIG = 96.441081, SMALL = 9.035941293 [run 3/3 for test 116/190]
[18118.612747186, 18118.612747186, 18118.612747186]
X = 0, ENORMOUS = 9338.106622, HUGE = 918.0382558, BIG = 35.48789471, SMALL = 8.360039373 [run 1/3 for test 117/190]
X = 0, ENORMOUS = 9338.106622, HUGE = 918.0382558, BIG = 35.48789471, SMALL = 8.360039373 [run 2/3 for test 117/190]
X = 0, ENORMOUS = 9338.106622, HUGE = 918.0382558, BIG = 35.48789471, SMALL = 8.360039373 [run 3/3 for test 117/190]
[10299.992811883, 10299.992811883, 10299.992811883]
X = 1, ENORMOUS = 9338.106622, HUGE = 918.0382558, BIG = 35.48789471, SMALL = 8.360039373 [run 1/3 for test 118/190]
X = 1, ENORMOUS = 9338.106622, HUGE = 918.0382558, BIG = 35.48789471, SMALL = 8.360039373 [run 2/3 for test 118/190]
X = 1, ENORMOUS = 9338.106622, HUGE = 918.0382558, BIG = 35.48789471, SMALL = 8.360039373 [run 3/3 for test 118/190]
[20599.985623766, 20599.985623766, 20599.985623766]
X = 0, ENORMOUS = 3440.4566370000002, HUGE = 571.8827967, BIG = 2.67489792, SMALL = 6.448063523999999 [run 1/3 for test 119/190]
X = 0, ENORMOUS = 3440.4566370000002, HUGE = 571.8827967, BIG = 2.67489792, SMALL = 6.448063523999999 [run 2/3 for test 119/190]
X = 0, ENORMOUS = 3440.4566370000002, HUGE = 571.8827967, BIG = 2.67489792, SMALL = 6.448063523999999 [run 3/3 for test 119/190]
[4021.4623951440003, 4021.4623951440003, 4021.4623951440003]
X = 1, ENORMOUS = 3440.4566370000002, HUGE = 571.8827967, BIG = 2.67489792, SMALL = 6.448063523999999 [run 1/3 for test 120/190]
X = 1, ENORMOUS = 3440.4566370000002, HUGE = 571.8827967, BIG = 2.67489792, SMALL = 6.448063523999999 [run 2/3 for test 120/190]
X = 1, ENORMOUS = 3440.4566370000002, HUGE = 571.8827967, BIG = 2.67489792, SMALL = 6.448063523999999 [run 3/3 for test 120/190]
[8042.924790288001, 8042.924790288001, 8042.924790288001]
X = 0, ENORMOUS = 3415.555765, HUGE = 324.1394081, BIG = 13.43649251, SMALL = 2.729476672 [run 1/3 for test 121/190]
X = 0, ENORMOUS = 3415.555765, HUGE = 324.1394081, BIG = 13.43649251, SMALL = 2.729476672 [run 2/3 for test 121/190]
X = 0, ENORMOUS = 3415.555765, HUGE = 324.1394081, BIG = 13.43649251, SMALL = 2.729476672 [run 3/3 for test 121/190]
[3755.861142282, 3755.861142282, 3755.861142282]
X = 1, ENORMOUS = 3415.555765, HUGE = 324.1394081, BIG = 13.43649251, SMALL = 2.729476672 [run 1/3 for test 122/190]
X = 1, ENORMOUS = 3415.555765, HUGE = 324.1394081, BIG = 13.43649251, SMALL = 2.729476672 [run 2/3 for test 122/190]
X = 1, ENORMOUS = 3415.555765, HUGE = 324.1394081, BIG = 13.43649251, SMALL = 2.729476672 [run 3/3 for test 122/190]
[7511.722284564, 7511.722284564, 7511.722284564]
X = 0, ENORMOUS = 1963.804802, HUGE = 721.3102349000001, BIG = 5.31326814, SMALL = 2.189513131 [run 1/3 for test 123/190]
X = 0, ENORMOUS = 1963.804802, HUGE = 721.3102349000001, BIG = 5.31326814, SMALL = 2.189513131 [run 2/3 for test 123/190]
X = 0, ENORMOUS = 1963.804802, HUGE = 721.3102349000001, BIG = 5.31326814, SMALL = 2.189513131 [run 3/3 for test 123/190]
[2692.617818171, 2692.617818171, 2692.617818171]
X = 1, ENORMOUS = 1963.804802, HUGE = 721.3102349000001, BIG = 5.31326814, SMALL = 2.189513131 [run 1/3 for test 124/190]
X = 1, ENORMOUS = 1963.804802, HUGE = 721.3102349000001, BIG = 5.31326814, SMALL = 2.189513131 [run 2/3 for test 124/190]
X = 1, ENORMOUS = 1963.804802, HUGE = 721.3102349000001, BIG = 5.31326814, SMALL = 2.189513131 [run 3/3 for test 124/190]
[5385.235636342, 5385.235636342, 5385.235636342]
X = 0, ENORMOUS = 539.392927, HUGE = 657.4748335, BIG = 34.518355989999996, SMALL = 3.590271047 [run 1/3 for test 125/190]
X = 0, ENORMOUS = 539.392927, HUGE = 657.4748335, BIG = 34.518355989999996, SMALL = 3.590271047 [run 2/3 for test 125/190]
X = 0, ENORMOUS = 539.392927, HUGE = 657.4748335, BIG = 34.518355989999996, SMALL = 3.590271047 [run 3/3 for test 125/190]
[1234.976387537, 1234.976387537, 1234.976387537]
X = 1, ENORMOUS = 539.392927, HUGE = 657.4748335, BIG = 34.518355989999996, SMALL = 3.590271047 [run 1/3 for test 126/190]
X = 1, ENORMOUS = 539.392927, HUGE = 657.4748335, BIG = 34.518355989999996, SMALL = 3.590271047 [run 2/3 for test 126/190]
X = 1, ENORMOUS = 539.392927, HUGE = 657.4748335, BIG = 34.518355989999996, SMALL = 3.590271047 [run 3/3 for test 126/190]
[2469.952775074, 2469.952775074, 2469.952775074]
X = 0, ENORMOUS = 3430.523882, HUGE = 408.9761428, BIG = 57.159697990000005, SMALL = 6.164084396 [run 1/3 for test 127/190]
X = 0, ENORMOUS = 3430.523882, HUGE = 408.9761428, BIG = 57.159697990000005, SMALL = 6.164084396 [run 2/3 for test 127/190]
X = 0, ENORMOUS = 3430.523882, HUGE = 408.9761428, BIG = 57.159697990000005, SMALL = 6.164084396 [run 3/3 for test 127/190]
[3902.823807186, 3902.823807186, 3902.823807186]
X = 1, ENORMOUS = 3430.523882, HUGE = 408.9761428, BIG = 57.159697990000005, SMALL = 6.164084396 [run 1/3 for test 128/190]
X = 1, ENORMOUS = 3430.523882, HUGE = 408.9761428, BIG = 57.159697990000005, SMALL = 6.164084396 [run 2/3 for test 128/190]
X = 1, ENORMOUS = 3430.523882, HUGE = 408.9761428, BIG = 57.159697990000005, SMALL = 6.164084396 [run 3/3 for test 128/190]
[7805.647614372, 7805.647614372, 7805.647614372]
X = 0, ENORMOUS = 4245.27697, HUGE = 817.2502422, BIG = 77.82180882, SMALL = 4.963820633 [run 1/3 for test 129/190]
X = 0, ENORMOUS = 4245.27697, HUGE = 817.2502422, BIG = 77.82180882, SMALL = 4.963820633 [run 2/3 for test 129/190]
X = 0, ENORMOUS = 4245.27697, HUGE = 817.2502422, BIG = 77.82180882, SMALL = 4.963820633 [run 3/3 for test 129/190]
[5145.312841653, 5145.312841653, 5145.312841653]
X = 1, ENORMOUS = 4245.27697, HUGE = 817.2502422, BIG = 77.82180882, SMALL = 4.963820633 [run 1/3 for test 130/190]
X = 1, ENORMOUS = 4245.27697, HUGE = 817.2502422, BIG = 77.82180882, SMALL = 4.963820633 [run 2/3 for test 130/190]
X = 1, ENORMOUS = 4245.27697, HUGE = 817.2502422, BIG = 77.82180882, SMALL = 4.963820633 [run 3/3 for test 130/190]
[10290.625683306, 10290.625683306, 10290.625683306]
X = 0, ENORMOUS = 2966.7660060000003, HUGE = 831.7290284, BIG = 57.07771732, SMALL = 8.393548902 [run 1/3 for test 131/190]
X = 0, ENORMOUS = 2966.7660060000003, HUGE = 831.7290284, BIG = 57.07771732, SMALL = 8.393548902 [run 2/3 for test 131/190]
X = 0, ENORMOUS = 2966.7660060000003, HUGE = 831.7290284, BIG = 57.07771732, SMALL = 8.393548902 [run 3/3 for test 131/190]
[3863.9663006220003, 3863.9663006220003, 3863.9663006220003]
X = 1, ENORMOUS = 2966.7660060000003, HUGE = 831.7290284, BIG = 57.07771732, SMALL = 8.393548902 [run 1/3 for test 132/190]
X = 1, ENORMOUS = 2966.7660060000003, HUGE = 831.7290284, BIG = 57.07771732, SMALL = 8.393548902 [run 2/3 for test 132/190]
X = 1, ENORMOUS = 2966.7660060000003, HUGE = 831.7290284, BIG = 57.07771732, SMALL = 8.393548902 [run 3/3 for test 132/190]
[7727.932601244001, 7727.932601244001, 7727.932601244001]
X = 0, ENORMOUS = 988.033547, HUGE = 281.660937, BIG = 88.06407016, SMALL = 8.878678971 [run 1/3 for test 133/190]
X = 0, ENORMOUS = 988.033547, HUGE = 281.660937, BIG = 88.06407016, SMALL = 8.878678971 [run 2/3 for test 133/190]
X = 0, ENORMOUS = 988.033547, HUGE = 281.660937, BIG = 88.06407016, SMALL = 8.878678971 [run 3/3 for test 133/190]
[1366.6372331310001, 1366.6372331310001, 1366.6372331310001]
X = 1, ENORMOUS = 988.033547, HUGE = 281.660937, BIG = 88.06407016, SMALL = 8.878678971 [run 1/3 for test 134/190]
X = 1, ENORMOUS = 988.033547, HUGE = 281.660937, BIG = 88.06407016, SMALL = 8.878678971 [run 2/3 for test 134/190]
X = 1, ENORMOUS = 988.033547, HUGE = 281.660937, BIG = 88.06407016, SMALL = 8.878678971 [run 3/3 for test 134/190]
[2733.2744662620003, 2733.2744662620003, 2733.2744662620003]
X = 0, ENORMOUS = 1783.377072, HUGE = 469.1933929, BIG = 88.55170384, SMALL = 8.368105579 [run 1/3 for test 135/190]
X = 0, ENORMOUS = 1783.377072, HUGE = 469.1933929, BIG = 88.55170384, SMALL = 8.368105579 [run 2/3 for test 135/190]
X = 0, ENORMOUS = 1783.377072, HUGE = 469.1933929, BIG = 88.55170384, SMALL = 8.368105579 [run 3/3 for test 135/190]
[2349.4902743189996, 2349.4902743189996, 2349.4902743189996]
X = 1, ENORMOUS = 1783.377072, HUGE = 469.1933929, BIG = 88.55170384, SMALL = 8.368105579 [run 1/3 for test 136/190]
X = 1, ENORMOUS = 1783.377072, HUGE = 469.1933929, BIG = 88.55170384, SMALL = 8.368105579 [run 2/3 for test 136/190]
X = 1, ENORMOUS = 1783.377072, HUGE = 469.1933929, BIG = 88.55170384, SMALL = 8.368105579 [run 3/3 for test 136/190]
[4698.980548637999, 4698.980548637999, 4698.980548637999]
X = 0, ENORMOUS = 5046.5284870000005, HUGE = 640.3745627000001, BIG = 88.22507949, SMALL = 6.461965987 [run 1/3 for test 137/190]
X = 0, ENORMOUS = 5046.5284870000005, HUGE = 640.3745627000001, BIG = 88.22507949, SMALL = 6.461965987 [run 2/3 for test 137/190]
X = 0, ENORMOUS = 5046.5284870000005, HUGE = 640.3745627000001, BIG = 88.22507949, SMALL = 6.461965987 [run 3/3 for test 137/190]
[5781.590095177001, 5781.590095177001, 5781.590095177001]
X = 1, ENORMOUS = 5046.5284870000005, HUGE = 640.3745627000001, BIG = 88.22507949, SMALL = 6.461965987 [run 1/3 for test 138/190]
X = 1, ENORMOUS = 5046.5284870000005, HUGE = 640.3745627000001, BIG = 88.22507949, SMALL = 6.461965987 [run 2/3 for test 138/190]
X = 1, ENORMOUS = 5046.5284870000005, HUGE = 640.3745627000001, BIG = 88.22507949, SMALL = 6.461965987 [run 3/3 for test 138/190]
[11563.180190354002, 11563.180190354002, 11563.180190354002]
X = 0, ENORMOUS = 4570.23164, HUGE = 774.7751470000001, BIG = 77.4613942, SMALL = 2.9840931059999996 [run 1/3 for test 139/190]
X = 0, ENORMOUS = 4570.23164, HUGE = 774.7751470000001, BIG = 77.4613942, SMALL = 2.9840931059999996 [run 2/3 for test 139/190]
X = 0, ENORMOUS = 4570.23164, HUGE = 774.7751470000001, BIG = 77.4613942, SMALL = 2.9840931059999996 [run 3/3 for test 139/190]
[5425.452274306, 5425.452274306, 5425.452274306]
X = 1, ENORMOUS = 4570.23164, HUGE = 774.7751470000001, BIG = 77.4613942, SMALL = 2.9840931059999996 [run 1/3 for test 140/190]
X = 1, ENORMOUS = 4570.23164, HUGE = 774.7751470000001, BIG = 77.4613942, SMALL = 2.9840931059999996 [run 2/3 for test 140/190]
X = 1, ENORMOUS = 4570.23164, HUGE = 774.7751470000001, BIG = 77.4613942, SMALL = 2.9840931059999996 [run 3/3 for test 140/190]
[10850.904548612, 10850.904548612, 10850.904548612]
X = 0, ENORMOUS = 3486.2511489999997, HUGE = 587.0819881, BIG = 88.32723838, SMALL = 0.823261838 [run 1/3 for test 141/190]
X = 0, ENORMOUS = 3486.2511489999997, HUGE = 587.0819881, BIG = 88.32723838, SMALL = 0.823261838 [run 2/3 for test 141/190]
X = 0, ENORMOUS = 3486.2511489999997, HUGE = 587.0819881, BIG = 88.32723838, SMALL = 0.823261838 [run 3/3 for test 141/190]
[4162.483637318, 4162.483637318, 4162.483637318]
X = 1, ENORMOUS = 3486.2511489999997, HUGE = 587.0819881, BIG = 88.32723838, SMALL = 0.823261838 [run 1/3 for test 142/190]
X = 1, ENORMOUS = 3486.2511489999997, HUGE = 587.0819881, BIG = 88.32723838, SMALL = 0.823261838 [run 2/3 for test 142/190]
X = 1, ENORMOUS = 3486.2511489999997, HUGE = 587.0819881, BIG = 88.32723838, SMALL = 0.823261838 [run 3/3 for test 142/190]
[8324.967274636, 8324.967274636, 8324.967274636]
X = 0, ENORMOUS = 9256.451754, HUGE = 437.1983588, BIG = 85.58226051, SMALL = 0.9942481670000001 [run 1/3 for test 143/190]
X = 0, ENORMOUS = 9256.451754, HUGE = 437.1983588, BIG = 85.58226051, SMALL = 0.9942481670000001 [run 2/3 for test 143/190]
X = 0, ENORMOUS = 9256.451754, HUGE = 437.1983588, BIG = 85.58226051, SMALL = 0.9942481670000001 [run 3/3 for test 143/190]
[9780.226621477, 9780.226621477, 9780.226621477]
X = 1, ENORMOUS = 9256.451754, HUGE = 437.1983588, BIG = 85.58226051, SMALL = 0.9942481670000001 [run 1/3 for test 144/190]
X = 1, ENORMOUS = 9256.451754, HUGE = 437.1983588, BIG = 85.58226051, SMALL = 0.9942481670000001 [run 2/3 for test 144/190]
X = 1, ENORMOUS = 9256.451754, HUGE = 437.1983588, BIG = 85.58226051, SMALL = 0.9942481670000001 [run 3/3 for test 144/190]
[19560.453242954, 19560.453242954, 19560.453242954]
X = 0, ENORMOUS = 8890.414725, HUGE = 378.7646864, BIG = 97.1763636, SMALL = 2.031578252 [run 1/3 for test 145/190]
X = 0, ENORMOUS = 8890.414725, HUGE = 378.7646864, BIG = 97.1763636, SMALL = 2.031578252 [run 2/3 for test 145/190]
X = 0, ENORMOUS = 8890.414725, HUGE = 378.7646864, BIG = 97.1763636, SMALL = 2.031578252 [run 3/3 for test 145/190]
[9368.387353252, 9368.387353252, 9368.387353252]
X = 1, ENORMOUS = 8890.414725, HUGE = 378.7646864, BIG = 97.1763636, SMALL = 2.031578252 [run 1/3 for test 146/190]
X = 1, ENORMOUS = 8890.414725, HUGE = 378.7646864, BIG = 97.1763636, SMALL = 2.031578252 [run 2/3 for test 146/190]
X = 1, ENORMOUS = 8890.414725, HUGE = 378.7646864, BIG = 97.1763636, SMALL = 2.031578252 [run 3/3 for test 146/190]
[18736.774706504, 18736.774706504, 18736.774706504]
X = 0, ENORMOUS = 8990.887315, HUGE = 331.6108228, BIG = 91.91167657, SMALL = 0.042665859 [run 1/3 for test 147/190]
X = 0, ENORMOUS = 8990.887315, HUGE = 331.6108228, BIG = 91.91167657, SMALL = 0.042665859 [run 2/3 for test 147/190]
X = 0, ENORMOUS = 8990.887315, HUGE = 331.6108228, BIG = 91.91167657, SMALL = 0.042665859 [run 3/3 for test 147/190]
[9414.452480229, 9414.452480229, 9414.452480229]
X = 1, ENORMOUS = 8990.887315, HUGE = 331.6108228, BIG = 91.91167657, SMALL = 0.042665859 [run 1/3 for test 148/190]
X = 1, ENORMOUS = 8990.887315, HUGE = 331.6108228, BIG = 91.91167657, SMALL = 0.042665859 [run 2/3 for test 148/190]
X = 1, ENORMOUS = 8990.887315, HUGE = 331.6108228, BIG = 91.91167657, SMALL = 0.042665859 [run 3/3 for test 148/190]
[18828.904960458, 18828.904960458, 18828.904960458]
X = 0, ENORMOUS = 4302.416646000001, HUGE = 983.385528, BIG = 99.48567457, SMALL = 6.35299254 [run 1/3 for test 149/190]
X = 0, ENORMOUS = 4302.416646000001, HUGE = 983.385528, BIG = 99.48567457, SMALL = 6.35299254 [run 2/3 for test 149/190]
X = 0, ENORMOUS = 4302.416646000001, HUGE = 983.385528, BIG = 99.48567457, SMALL = 6.35299254 [run 3/3 for test 149/190]
[5391.64084111, 5391.64084111, 5391.64084111]
X = 1, ENORMOUS = 4302.416646000001, HUGE = 983.385528, BIG = 99.48567457, SMALL = 6.35299254 [run 1/3 for test 150/190]
X = 1, ENORMOUS = 4302.416646000001, HUGE = 983.385528, BIG = 99.48567457, SMALL = 6.35299254 [run 2/3 for test 150/190]
X = 1, ENORMOUS = 4302.416646000001, HUGE = 983.385528, BIG = 99.48567457, SMALL = 6.35299254 [run 3/3 for test 150/190]
[10783.28168222, 10783.28168222, 10783.28168222]
X = 0, ENORMOUS = 2982.3098539999996, HUGE = 683.4392692, BIG = 23.044838549999998, SMALL = 9.653383133 [run 1/3 for test 151/190]
X = 0, ENORMOUS = 2982.3098539999996, HUGE = 683.4392692, BIG = 23.044838549999998, SMALL = 9.653383133 [run 2/3 for test 151/190]
X = 0, ENORMOUS = 2982.3098539999996, HUGE = 683.4392692, BIG = 23.044838549999998, SMALL = 9.653383133 [run 3/3 for test 151/190]
[3698.4473448829995, 3698.4473448829995, 3698.4473448829995]
X = 1, ENORMOUS = 2982.3098539999996, HUGE = 683.4392692, BIG = 23.044838549999998, SMALL = 9.653383133 [run 1/3 for test 152/190]
X = 1, ENORMOUS = 2982.3098539999996, HUGE = 683.4392692, BIG = 23.044838549999998, SMALL = 9.653383133 [run 2/3 for test 152/190]
X = 1, ENORMOUS = 2982.3098539999996, HUGE = 683.4392692, BIG = 23.044838549999998, SMALL = 9.653383133 [run 3/3 for test 152/190]
[7396.894689765999, 7396.894689765999, 7396.894689765999]
X = 0, ENORMOUS = 4987.071627, HUGE = 529.7016581, BIG = 7.876798529999999, SMALL = 7.617169886 [run 1/3 for test 153/190]
X = 0, ENORMOUS = 4987.071627, HUGE = 529.7016581, BIG = 7.876798529999999, SMALL = 7.617169886 [run 2/3 for test 153/190]
X = 0, ENORMOUS = 4987.071627, HUGE = 529.7016581, BIG = 7.876798529999999, SMALL = 7.617169886 [run 3/3 for test 153/190]
[5532.267253516, 5532.267253516, 5532.267253516]
X = 1, ENORMOUS = 4987.071627, HUGE = 529.7016581, BIG = 7.876798529999999, SMALL = 7.617169886 [run 1/3 for test 154/190]
X = 1, ENORMOUS = 4987.071627, HUGE = 529.7016581, BIG = 7.876798529999999, SMALL = 7.617169886 [run 2/3 for test 154/190]
X = 1, ENORMOUS = 4987.071627, HUGE = 529.7016581, BIG = 7.876798529999999, SMALL = 7.617169886 [run 3/3 for test 154/190]
[11064.534507032, 11064.534507032, 11064.534507032]
X = 0, ENORMOUS = 9205.279863, HUGE = 578.5778924, BIG = 50.95633238, SMALL = 8.53365669 [run 1/3 for test 155/190]
X = 0, ENORMOUS = 9205.279863, HUGE = 578.5778924, BIG = 50.95633238, SMALL = 8.53365669 [run 2/3 for test 155/190]
X = 0, ENORMOUS = 9205.279863, HUGE = 578.5778924, BIG = 50.95633238, SMALL = 8.53365669 [run 3/3 for test 155/190]
[9843.34774447, 9843.34774447, 9843.34774447]
X = 1, ENORMOUS = 9205.279863, HUGE = 578.5778924, BIG = 50.95633238, SMALL = 8.53365669 [run 1/3 for test 156/190]
X = 1, ENORMOUS = 9205.279863, HUGE = 578.5778924, BIG = 50.95633238, SMALL = 8.53365669 [run 2/3 for test 156/190]
X = 1, ENORMOUS = 9205.279863, HUGE = 578.5778924, BIG = 50.95633238, SMALL = 8.53365669 [run 3/3 for test 156/190]
[19686.69548894, 19686.69548894, 19686.69548894]
X = 0, ENORMOUS = 798.9762370000001, HUGE = 21.8700981, BIG = 34.16261522, SMALL = 8.441858042 [run 1/3 for test 157/190]
X = 0, ENORMOUS = 798.9762370000001, HUGE = 21.8700981, BIG = 34.16261522, SMALL = 8.441858042 [run 2/3 for test 157/190]
X = 0, ENORMOUS = 798.9762370000001, HUGE = 21.8700981, BIG = 34.16261522, SMALL = 8.441858042 [run 3/3 for test 157/190]
[863.4508083620001, 863.4508083620001, 863.4508083620001]
X = 1, ENORMOUS = 798.9762370000001, HUGE = 21.8700981, BIG = 34.16261522, SMALL = 8.441858042 [run 1/3 for test 158/190]
X = 1, ENORMOUS = 798.9762370000001, HUGE = 21.8700981, BIG = 34.16261522, SMALL = 8.441858042 [run 2/3 for test 158/190]
X = 1, ENORMOUS = 798.9762370000001, HUGE = 21.8700981, BIG = 34.16261522, SMALL = 8.441858042 [run 3/3 for test 158/190]
[1726.9016167240002, 1726.9016167240002, 1726.9016167240002]
X = 0, ENORMOUS = 1240.330001, HUGE = 103.8042661, BIG = 88.32495044999999, SMALL = 8.523997155 [run 1/3 for test 159/190]
X = 0, ENORMOUS = 1240.330001, HUGE = 103.8042661, BIG = 88.32495044999999, SMALL = 8.523997155 [run 2/3 for test 159/190]
X = 0, ENORMOUS = 1240.330001, HUGE = 103.8042661, BIG = 88.32495044999999, SMALL = 8.523997155 [run 3/3 for test 159/190]
[1440.983214705, 1440.983214705, 1440.983214705]
X = 1, ENORMOUS = 1240.330001, HUGE = 103.8042661, BIG = 88.32495044999999, SMALL = 8.523997155 [run 1/3 for test 160/190]
X = 1, ENORMOUS = 1240.330001, HUGE = 103.8042661, BIG = 88.32495044999999, SMALL = 8.523997155 [run 2/3 for test 160/190]
X = 1, ENORMOUS = 1240.330001, HUGE = 103.8042661, BIG = 88.32495044999999, SMALL = 8.523997155 [run 3/3 for test 160/190]
[2881.96642941, 2881.96642941, 2881.96642941]
X = 0, ENORMOUS = 1188.29408, HUGE = 248.48219590000002, BIG = 80.15886941, SMALL = 9.748487496 [run 1/3 for test 161/190]
X = 0, ENORMOUS = 1188.29408, HUGE = 248.48219590000002, BIG = 80.15886941, SMALL = 9.748487496 [run 2/3 for test 161/190]
X = 0, ENORMOUS = 1188.29408, HUGE = 248.48219590000002, BIG = 80.15886941, SMALL = 9.748487496 [run 3/3 for test 161/190]
[1526.683632806, 1526.683632806, 1526.683632806]
X = 1, ENORMOUS = 1188.29408, HUGE = 248.48219590000002, BIG = 80.15886941, SMALL = 9.748487496 [run 1/3 for test 162/190]
X = 1, ENORMOUS = 1188.29408, HUGE = 248.48219590000002, BIG = 80.15886941, SMALL = 9.748487496 [run 2/3 for test 162/190]
X = 1, ENORMOUS = 1188.29408, HUGE = 248.48219590000002, BIG = 80.15886941, SMALL = 9.748487496 [run 3/3 for test 162/190]
[3053.367265612, 3053.367265612, 3053.367265612]
X = 0, ENORMOUS = 3615.285102, HUGE = 788.673725, BIG = 75.88862251, SMALL = 9.133424459 [run 1/3 for test 163/190]
X = 0, ENORMOUS = 3615.285102, HUGE = 788.673725, BIG = 75.88862251, SMALL = 9.133424459 [run 2/3 for test 163/190]
X = 0, ENORMOUS = 3615.285102, HUGE = 788.673725, BIG = 75.88862251, SMALL = 9.133424459 [run 3/3 for test 163/190]
[4488.980873969, 4488.980873969, 4488.980873969]
X = 1, ENORMOUS = 3615.285102, HUGE = 788.673725, BIG = 75.88862251, SMALL = 9.133424459 [run 1/3 for test 164/190]
X = 1, ENORMOUS = 3615.285102, HUGE = 788.673725, BIG = 75.88862251, SMALL = 9.133424459 [run 2/3 for test 164/190]
X = 1, ENORMOUS = 3615.285102, HUGE = 788.673725, BIG = 75.88862251, SMALL = 9.133424459 [run 3/3 for test 164/190]
[8977.961747938, 8977.961747938, 8977.961747938]
X = 0, ENORMOUS = 6260.242495, HUGE = 623.3008394, BIG = 43.820057229999996, SMALL = 0.180860034 [run 1/3 for test 165/190]
X = 0, ENORMOUS = 6260.242495, HUGE = 623.3008394, BIG = 43.820057229999996, SMALL = 0.180860034 [run 2/3 for test 165/190]
X = 0, ENORMOUS = 6260.242495, HUGE = 623.3008394, BIG = 43.820057229999996, SMALL = 0.180860034 [run 3/3 for test 165/190]
[6927.5442516640005, 6927.5442516640005, 6927.5442516640005]
X = 1, ENORMOUS = 6260.242495, HUGE = 623.3008394, BIG = 43.820057229999996, SMALL = 0.180860034 [run 1/3 for test 166/190]
X = 1, ENORMOUS = 6260.242495, HUGE = 623.3008394, BIG = 43.820057229999996, SMALL = 0.180860034 [run 2/3 for test 166/190]
X = 1, ENORMOUS = 6260.242495, HUGE = 623.3008394, BIG = 43.820057229999996, SMALL = 0.180860034 [run 3/3 for test 166/190]
[13855.088503328001, 13855.088503328001, 13855.088503328001]
X = 0, ENORMOUS = 8592.344366, HUGE = 864.9972084000001, BIG = 55.20416442, SMALL = 0.372804443 [run 1/3 for test 167/190]
X = 0, ENORMOUS = 8592.344366, HUGE = 864.9972084000001, BIG = 55.20416442, SMALL = 0.372804443 [run 2/3 for test 167/190]
X = 0, ENORMOUS = 8592.344366, HUGE = 864.9972084000001, BIG = 55.20416442, SMALL = 0.372804443 [run 3/3 for test 167/190]
[9512.918543263, 9512.918543263, 9512.918543263]
X = 1, ENORMOUS = 8592.344366, HUGE = 864.9972084000001, BIG = 55.20416442, SMALL = 0.372804443 [run 1/3 for test 168/190]
X = 1, ENORMOUS = 8592.344366, HUGE = 864.9972084000001, BIG = 55.20416442, SMALL = 0.372804443 [run 2/3 for test 168/190]
X = 1, ENORMOUS = 8592.344366, HUGE = 864.9972084000001, BIG = 55.20416442, SMALL = 0.372804443 [run 3/3 for test 168/190]
[19025.837086526, 19025.837086526, 19025.837086526]
X = 0, ENORMOUS = 9058.899821, HUGE = 459.0733086, BIG = 62.74286103, SMALL = 5.744707589 [run 1/3 for test 169/190]
X = 0, ENORMOUS = 9058.899821, HUGE = 459.0733086, BIG = 62.74286103, SMALL = 5.744707589 [run 2/3 for test 169/190]
X = 0, ENORMOUS = 9058.899821, HUGE = 459.0733086, BIG = 62.74286103, SMALL = 5.744707589 [run 3/3 for test 169/190]
[9586.460698219, 9586.460698219, 9586.460698219]
X = 1, ENORMOUS = 9058.899821, HUGE = 459.0733086, BIG = 62.74286103, SMALL = 5.744707589 [run 1/3 for test 170/190]
X = 1, ENORMOUS = 9058.899821, HUGE = 459.0733086, BIG = 62.74286103, SMALL = 5.744707589 [run 2/3 for test 170/190]
X = 1, ENORMOUS = 9058.899821, HUGE = 459.0733086, BIG = 62.74286103, SMALL = 5.744707589 [run 3/3 for test 170/190]
[19172.921396438, 19172.921396438, 19172.921396438]
X = 0, ENORMOUS = 8925.403289, HUGE = 566.3714961000001, BIG = 70.48034279, SMALL = 8.24781368 [run 1/3 for test 171/190]
X = 0, ENORMOUS = 8925.403289, HUGE = 566.3714961000001, BIG = 70.48034279, SMALL = 8.24781368 [run 2/3 for test 171/190]
X = 0, ENORMOUS = 8925.403289, HUGE = 566.3714961000001, BIG = 70.48034279, SMALL = 8.24781368 [run 3/3 for test 171/190]
[9570.502941570001, 9570.502941570001, 9570.502941570001]
X = 1, ENORMOUS = 8925.403289, HUGE = 566.3714961000001, BIG = 70.48034279, SMALL = 8.24781368 [run 1/3 for test 172/190]
X = 1, ENORMOUS = 8925.403289, HUGE = 566.3714961000001, BIG = 70.48034279, SMALL = 8.24781368 [run 2/3 for test 172/190]
X = 1, ENORMOUS = 8925.403289, HUGE = 566.3714961000001, BIG = 70.48034279, SMALL = 8.24781368 [run 3/3 for test 172/190]
[19141.005883140002, 19141.005883140002, 19141.005883140002]
X = 0, ENORMOUS = 5114.210066, HUGE = 653.137052, BIG = 93.18601489, SMALL = 6.282735667 [run 1/3 for test 173/190]
X = 0, ENORMOUS = 5114.210066, HUGE = 653.137052, BIG = 93.18601489, SMALL = 6.282735667 [run 2/3 for test 173/190]
X = 0, ENORMOUS = 5114.210066, HUGE = 653.137052, BIG = 93.18601489, SMALL = 6.282735667 [run 3/3 for test 173/190]
[5866.815868557, 5866.815868557, 5866.815868557]
X = 1, ENORMOUS = 5114.210066, HUGE = 653.137052, BIG = 93.18601489, SMALL = 6.282735667 [run 1/3 for test 174/190]
X = 1, ENORMOUS = 5114.210066, HUGE = 653.137052, BIG = 93.18601489, SMALL = 6.282735667 [run 2/3 for test 174/190]
X = 1, ENORMOUS = 5114.210066, HUGE = 653.137052, BIG = 93.18601489, SMALL = 6.282735667 [run 3/3 for test 174/190]
[11733.631737114, 11733.631737114, 11733.631737114]
X = 0, ENORMOUS = 8645.259561, HUGE = 666.6022851, BIG = 56.392976360000006, SMALL = 9.317542138 [run 1/3 for test 175/190]
X = 0, ENORMOUS = 8645.259561, HUGE = 666.6022851, BIG = 56.392976360000006, SMALL = 9.317542138 [run 2/3 for test 175/190]
X = 0, ENORMOUS = 8645.259561, HUGE = 666.6022851, BIG = 56.392976360000006, SMALL = 9.317542138 [run 3/3 for test 175/190]
[9377.572364598002, 9377.572364598002, 9377.572364598002]
X = 1, ENORMOUS = 8645.259561, HUGE = 666.6022851, BIG = 56.392976360000006, SMALL = 9.317542138 [run 1/3 for test 176/190]
X = 1, ENORMOUS = 8645.259561, HUGE = 666.6022851, BIG = 56.392976360000006, SMALL = 9.317542138 [run 2/3 for test 176/190]
X = 1, ENORMOUS = 8645.259561, HUGE = 666.6022851, BIG = 56.392976360000006, SMALL = 9.317542138 [run 3/3 for test 176/190]
[18755.144729196003, 18755.144729196003, 18755.144729196003]
X = 0, ENORMOUS = 782.176973, HUGE = 867.2766087, BIG = 55.33646273, SMALL = 3.16430311 [run 1/3 for test 177/190]
X = 0, ENORMOUS = 782.176973, HUGE = 867.2766087, BIG = 55.33646273, SMALL = 3.16430311 [run 2/3 for test 177/190]
X = 0, ENORMOUS = 782.176973, HUGE = 867.2766087, BIG = 55.33646273, SMALL = 3.16430311 [run 3/3 for test 177/190]
[1707.95434754, 1707.95434754, 1707.95434754]
X = 1, ENORMOUS = 782.176973, HUGE = 867.2766087, BIG = 55.33646273, SMALL = 3.16430311 [run 1/3 for test 178/190]
X = 1, ENORMOUS = 782.176973, HUGE = 867.2766087, BIG = 55.33646273, SMALL = 3.16430311 [run 2/3 for test 178/190]
X = 1, ENORMOUS = 782.176973, HUGE = 867.2766087, BIG = 55.33646273, SMALL = 3.16430311 [run 3/3 for test 178/190]
[3415.90869508, 3415.90869508, 3415.90869508]
X = 0, ENORMOUS = 1339.0677030000002, HUGE = 571.4540686, BIG = 2.1519778499999997, SMALL = 7.279960839 [run 1/3 for test 179/190]
X = 0, ENORMOUS = 1339.0677030000002, HUGE = 571.4540686, BIG = 2.1519778499999997, SMALL = 7.279960839 [run 2/3 for test 179/190]
X = 0, ENORMOUS = 1339.0677030000002, HUGE = 571.4540686, BIG = 2.1519778499999997, SMALL = 7.279960839 [run 3/3 for test 179/190]
[1919.9537102890004, 1919.9537102890004, 1919.9537102890004]
X = 1, ENORMOUS = 1339.0677030000002, HUGE = 571.4540686, BIG = 2.1519778499999997, SMALL = 7.279960839 [run 1/3 for test 180/190]
X = 1, ENORMOUS = 1339.0677030000002, HUGE = 571.4540686, BIG = 2.1519778499999997, SMALL = 7.279960839 [run 2/3 for test 180/190]
X = 1, ENORMOUS = 1339.0677030000002, HUGE = 571.4540686, BIG = 2.1519778499999997, SMALL = 7.279960839 [run 3/3 for test 180/190]
[3839.9074205780007, 3839.9074205780007, 3839.9074205780007]
X = 0, ENORMOUS = 316.819691, HUGE = 778.2221974, BIG = 5.26712458, SMALL = 4.31764744 [run 1/3 for test 181/190]
X = 0, ENORMOUS = 316.819691, HUGE = 778.2221974, BIG = 5.26712458, SMALL = 4.31764744 [run 2/3 for test 181/190]
X = 0, ENORMOUS = 316.819691, HUGE = 778.2221974, BIG = 5.26712458, SMALL = 4.31764744 [run 3/3 for test 181/190]
[1104.62666042, 1104.62666042, 1104.62666042]
X = 1, ENORMOUS = 316.819691, HUGE = 778.2221974, BIG = 5.26712458, SMALL = 4.31764744 [run 1/3 for test 182/190]
X = 1, ENORMOUS = 316.819691, HUGE = 778.2221974, BIG = 5.26712458, SMALL = 4.31764744 [run 2/3 for test 182/190]
X = 1, ENORMOUS = 316.819691, HUGE = 778.2221974, BIG = 5.26712458, SMALL = 4.31764744 [run 3/3 for test 182/190]
[2209.25332084, 2209.25332084, 2209.25332084]
X = 0, ENORMOUS = 2076.077797, HUGE = 176.6301326, BIG = 36.9403308, SMALL = 9.466677060999999 [run 1/3 for test 183/190]
X = 0, ENORMOUS = 2076.077797, HUGE = 176.6301326, BIG = 36.9403308, SMALL = 9.466677060999999 [run 2/3 for test 183/190]
X = 0, ENORMOUS = 2076.077797, HUGE = 176.6301326, BIG = 36.9403308, SMALL = 9.466677060999999 [run 3/3 for test 183/190]
[2299.114937461, 2299.114937461, 2299.114937461]
X = 1, ENORMOUS = 2076.077797, HUGE = 176.6301326, BIG = 36.9403308, SMALL = 9.466677060999999 [run 1/3 for test 184/190]
X = 1, ENORMOUS = 2076.077797, HUGE = 176.6301326, BIG = 36.9403308, SMALL = 9.466677060999999 [run 2/3 for test 184/190]
X = 1, ENORMOUS = 2076.077797, HUGE = 176.6301326, BIG = 36.9403308, SMALL = 9.466677060999999 [run 3/3 for test 184/190]
[4598.229874922, 4598.229874922, 4598.229874922]
X = 0, ENORMOUS = 4545.248409, HUGE = 429.5851358, BIG = 94.66230625, SMALL = 8.346138091 [run 1/3 for test 185/190]
X = 0, ENORMOUS = 4545.248409, HUGE = 429.5851358, BIG = 94.66230625, SMALL = 8.346138091 [run 2/3 for test 185/190]
X = 0, ENORMOUS = 4545.248409, HUGE = 429.5851358, BIG = 94.66230625, SMALL = 8.346138091 [run 3/3 for test 185/190]
[5077.841989141, 5077.841989141, 5077.841989141]
X = 1, ENORMOUS = 4545.248409, HUGE = 429.5851358, BIG = 94.66230625, SMALL = 8.346138091 [run 1/3 for test 186/190]
X = 1, ENORMOUS = 4545.248409, HUGE = 429.5851358, BIG = 94.66230625, SMALL = 8.346138091 [run 2/3 for test 186/190]
X = 1, ENORMOUS = 4545.248409, HUGE = 429.5851358, BIG = 94.66230625, SMALL = 8.346138091 [run 3/3 for test 186/190]
[10155.683978282, 10155.683978282, 10155.683978282]
X = 0, ENORMOUS = 4735.686732, HUGE = 203.6999331, BIG = 82.68672326, SMALL = 0.187254895 [run 1/3 for test 187/190]
X = 0, ENORMOUS = 4735.686732, HUGE = 203.6999331, BIG = 82.68672326, SMALL = 0.187254895 [run 2/3 for test 187/190]
X = 0, ENORMOUS = 4735.686732, HUGE = 203.6999331, BIG = 82.68672326, SMALL = 0.187254895 [run 3/3 for test 187/190]
[5022.260643254999, 5022.260643254999, 5022.260643254999]
X = 1, ENORMOUS = 4735.686732, HUGE = 203.6999331, BIG = 82.68672326, SMALL = 0.187254895 [run 1/3 for test 188/190]
X = 1, ENORMOUS = 4735.686732, HUGE = 203.6999331, BIG = 82.68672326, SMALL = 0.187254895 [run 2/3 for test 188/190]
X = 1, ENORMOUS = 4735.686732, HUGE = 203.6999331, BIG = 82.68672326, SMALL = 0.187254895 [run 3/3 for test 188/190]
[10044.521286509998, 10044.521286509998, 10044.521286509998]
X = 0, ENORMOUS = 4070.896935, HUGE = 22.925659800000002, BIG = 11.32565115, SMALL = 0.595494898 [run 1/3 for test 189/190]
X = 0, ENORMOUS = 4070.896935, HUGE = 22.925659800000002, BIG = 11.32565115, SMALL = 0.595494898 [run 2/3 for test 189/190]
X = 0, ENORMOUS = 4070.896935, HUGE = 22.925659800000002, BIG = 11.32565115, SMALL = 0.595494898 [run 3/3 for test 189/190]
[4105.743740848, 4105.743740848, 4105.743740848]
X = 1, ENORMOUS = 4070.896935, HUGE = 22.925659800000002, BIG = 11.32565115, SMALL = 0.595494898 [run 1/3 for test 190/190]
X = 1, ENORMOUS = 4070.896935, HUGE = 22.925659800000002, BIG = 11.32565115, SMALL = 0.595494898 [run 2/3 for test 190/190]
X = 1, ENORMOUS = 4070.896935, HUGE = 22.925659800000002, BIG = 11.32565115, SMALL = 0.595494898 [run 3/3 for test 190/190]
[8211.487481696, 8211.487481696, 8211.487481696]
Graph of test written to results/click-2021/593d108/experimental.pdf
