Executing testie math.testie
f(x)
Executing init scripts...
N = 1 [3 runs for 1/49]
EXP: [2.0, 2.0, 2.0], LOG: [0.0, 0.0, 0.0], N: [1.0, 1.0, 1.0]
N = 2 [3 runs for 2/49]
EXP: [4.0, 4.0, 4.0], LOG: [0.69, 0.69, 0.69], N: [2.0, 2.0, 2.0]
N = 3 [3 runs for 3/49]
EXP: [8.0, 8.0, 8.0], LOG: [1.1, 1.1, 1.1], N: [3.0, 3.0, 3.0]
N = 4 [3 runs for 4/49]
EXP: [16.0, 16.0, 16.0], LOG: [1.39, 1.39, 1.39], N: [4.0, 4.0, 4.0]
N = 5 [3 runs for 5/49]
EXP: [32.0, 32.0, 32.0], LOG: [1.61, 1.61, 1.61], N: [5.0, 5.0, 5.0]
N = 6 [3 runs for 6/49]
EXP: [64.0, 64.0, 64.0], LOG: [1.79, 1.79, 1.79], N: [6.0, 6.0, 6.0]
N = 7 [3 runs for 7/49]
EXP: [128.0, 128.0, 128.0], LOG: [1.95, 1.95, 1.95], N: [7.0, 7.0, 7.0]
N = 8 [3 runs for 8/49]
EXP: [256.0, 256.0, 256.0], LOG: [2.08, 2.08, 2.08], N: [8.0, 8.0, 8.0]
N = 9 [3 runs for 9/49]
EXP: [512.0, 512.0, 512.0], LOG: [2.2, 2.2, 2.2], N: [9.0, 9.0, 9.0]
N = 10 [3 runs for 10/49]
EXP: [1024.0, 1024.0, 1024.0], LOG: [2.3, 2.3, 2.3], N: [10.0, 10.0, 10.0]
N = 11 [3 runs for 11/49]
EXP: [2048.0, 2048.0, 2048.0], LOG: [2.4, 2.4, 2.4], N: [11.0, 11.0, 11.0]
N = 12 [3 runs for 12/49]
EXP: [4096.0, 4096.0, 4096.0], LOG: [2.48, 2.48, 2.48], N: [12.0, 12.0, 12.0]
N = 13 [3 runs for 13/49]
EXP: [8192.0, 8192.0, 8192.0], LOG: [2.56, 2.56, 2.56], N: [13.0, 13.0, 13.0]
N = 14 [3 runs for 14/49]
EXP: [16384.0, 16384.0, 16384.0], LOG: [2.64, 2.64, 2.64], N: [14.0, 14.0, 14.0]
N = 15 [3 runs for 15/49]
EXP: [32768.0, 32768.0, 32768.0], LOG: [2.71, 2.71, 2.71], N: [15.0, 15.0, 15.0]
N = 16 [3 runs for 16/49]
EXP: [65536.0, 65536.0, 65536.0], LOG: [2.77, 2.77, 2.77], N: [16.0, 16.0, 16.0]
N = 17 [3 runs for 17/49]
EXP: [131072.0, 131072.0, 131072.0], LOG: [2.83, 2.83, 2.83], N: [17.0, 17.0, 17.0]
N = 18 [3 runs for 18/49]
EXP: [262144.0, 262144.0, 262144.0], LOG: [2.89, 2.89, 2.89], N: [18.0, 18.0, 18.0]
N = 19 [3 runs for 19/49]
EXP: [524288.0, 524288.0, 524288.0], LOG: [2.94, 2.94, 2.94], N: [19.0, 19.0, 19.0]
N = 20 [3 runs for 20/49]
EXP: [1048576.0, 1048576.0, 1048576.0], LOG: [3.0, 3.0, 3.0], N: [20.0, 20.0, 20.0]
N = 21 [3 runs for 21/49]
EXP: [2097152.0, 2097152.0, 2097152.0], LOG: [3.04, 3.04, 3.04], N: [21.0, 21.0, 21.0]
N = 22 [3 runs for 22/49]
EXP: [4194304.0, 4194304.0, 4194304.0], LOG: [3.09, 3.09, 3.09], N: [22.0, 22.0, 22.0]
N = 23 [3 runs for 23/49]
EXP: [8388608.0, 8388608.0, 8388608.0], LOG: [3.14, 3.14, 3.14], N: [23.0, 23.0, 23.0]
N = 24 [3 runs for 24/49]
EXP: [16777216.0, 16777216.0, 16777216.0], LOG: [3.18, 3.18, 3.18], N: [24.0, 24.0, 24.0]
N = 25 [3 runs for 25/49]
EXP: [33554432.0, 33554432.0, 33554432.0], LOG: [3.22, 3.22, 3.22], N: [25.0, 25.0, 25.0]
N = 26 [3 runs for 26/49]
EXP: [67108864.0, 67108864.0, 67108864.0], LOG: [3.26, 3.26, 3.26], N: [26.0, 26.0, 26.0]
N = 27 [3 runs for 27/49]
EXP: [134217728.0, 134217728.0, 134217728.0], LOG: [3.3, 3.3, 3.3], N: [27.0, 27.0, 27.0]
N = 28 [3 runs for 28/49]
EXP: [268435456.0, 268435456.0, 268435456.0], LOG: [3.33, 3.33, 3.33], N: [28.0, 28.0, 28.0]
N = 29 [3 runs for 29/49]
EXP: [536870912.0, 536870912.0, 536870912.0], LOG: [3.37, 3.37, 3.37], N: [29.0, 29.0, 29.0]
N = 30 [3 runs for 30/49]
EXP: [1073741824.0, 1073741824.0, 1073741824.0], LOG: [3.4, 3.4, 3.4], N: [30.0, 30.0, 30.0]
N = 31 [3 runs for 31/49]
EXP: [2147483648.0, 2147483648.0, 2147483648.0], LOG: [3.43, 3.43, 3.43], N: [31.0, 31.0, 31.0]
N = 32 [3 runs for 32/49]
EXP: [4294967296.0, 4294967296.0, 4294967296.0], LOG: [3.47, 3.47, 3.47], N: [32.0, 32.0, 32.0]
N = 33 [3 runs for 33/49]
EXP: [8589934592.0, 8589934592.0, 8589934592.0], LOG: [3.5, 3.5, 3.5], N: [33.0, 33.0, 33.0]
N = 34 [3 runs for 34/49]
EXP: [17179869184.0, 17179869184.0, 17179869184.0], LOG: [3.53, 3.53, 3.53], N: [34.0, 34.0, 34.0]
N = 35 [3 runs for 35/49]
EXP: [34359738368.0, 34359738368.0, 34359738368.0], LOG: [3.56, 3.56, 3.56], N: [35.0, 35.0, 35.0]
N = 36 [3 runs for 36/49]
EXP: [68719476736.0, 68719476736.0, 68719476736.0], LOG: [3.58, 3.58, 3.58], N: [36.0, 36.0, 36.0]
N = 37 [3 runs for 37/49]
EXP: [137438953472.0, 137438953472.0, 137438953472.0], LOG: [3.61, 3.61, 3.61], N: [37.0, 37.0, 37.0]
N = 38 [3 runs for 38/49]
EXP: [274877906944.0, 274877906944.0, 274877906944.0], LOG: [3.64, 3.64, 3.64], N: [38.0, 38.0, 38.0]
N = 39 [3 runs for 39/49]
EXP: [549755813888.0, 549755813888.0, 549755813888.0], LOG: [3.66, 3.66, 3.66], N: [39.0, 39.0, 39.0]
N = 40 [3 runs for 40/49]
EXP: [1.09951162778, 1.09951162778, 1.09951162778], LOG: [3.69, 3.69, 3.69], N: [40.0, 40.0, 40.0]
N = 41 [3 runs for 41/49]
EXP: [2.19902325555, 2.19902325555, 2.19902325555], LOG: [3.71, 3.71, 3.71], N: [41.0, 41.0, 41.0]
N = 42 [3 runs for 42/49]
EXP: [4.3980465111, 4.3980465111, 4.3980465111], LOG: [3.74, 3.74, 3.74], N: [42.0, 42.0, 42.0]
N = 43 [3 runs for 43/49]
EXP: [8.79609302221, 8.79609302221, 8.79609302221], LOG: [3.76, 3.76, 3.76], N: [43.0, 43.0, 43.0]
N = 44 [3 runs for 44/49]
EXP: [1.75921860444, 1.75921860444, 1.75921860444], LOG: [3.78, 3.78, 3.78], N: [44.0, 44.0, 44.0]
N = 45 [3 runs for 45/49]
EXP: [3.51843720888, 3.51843720888, 3.51843720888], LOG: [3.81, 3.81, 3.81], N: [45.0, 45.0, 45.0]
N = 46 [3 runs for 46/49]
EXP: [7.03687441777, 7.03687441777, 7.03687441777], LOG: [3.83, 3.83, 3.83], N: [46.0, 46.0, 46.0]
N = 47 [3 runs for 47/49]
EXP: [1.40737488355, 1.40737488355, 1.40737488355], LOG: [3.85, 3.85, 3.85], N: [47.0, 47.0, 47.0]
N = 48 [3 runs for 48/49]
EXP: [2.81474976711, 2.81474976711, 2.81474976711], LOG: [3.87, 3.87, 3.87], N: [48.0, 48.0, 48.0]
N = 49 [3 runs for 49/49]
EXP: [5.62949953421, 5.62949953421, 5.62949953421], LOG: [3.89, 3.89, 3.89], N: [49.0, 49.0, 49.0]
N = 50 [3 runs for 50/49]
EXP: [1.12589990684, 1.12589990684, 1.12589990684], LOG: [3.91, 3.91, 3.91], N: [50.0, 50.0, 50.0]
Graph of test written to results/click-2017/bbec36c/math-EXP.pdf
Graph of test written to results/click-2017/bbec36c/math-LOG.pdf
Graph of test written to results/click-2017/bbec36c/math-N.pdf
