Executing test zlt.npf
Executing init scripts...
THRESH = 50, RATE = 100 [run 1/3 for test 1/~15(max 57)]
[30m[0][0m RESULT-DROPPEDPC 25
[30m[0][0m RESULT-GOODPC 75
[30m[0][0m RESULT-THROUGHPUT 75
THRESH = 50, RATE = 100 [run 2/3 for test 1/~15(max 57)]
[30m[0][0m RESULT-DROPPEDPC 25
[30m[0][0m RESULT-GOODPC 75
[30m[0][0m RESULT-THROUGHPUT 75
THRESH = 50, RATE = 100 [run 3/3 for test 1/~15(max 57)]
[30m[0][0m RESULT-DROPPEDPC 25
[30m[0][0m RESULT-GOODPC 75
[30m[0][0m RESULT-THROUGHPUT 75
DROPPEDPC: [25.0, 25.0, 25.0], GOODPC: [75.0, 75.0, 75.0], THROUGHPUT: [75.0, 75.0, 75.0]
THRESH = 50, RATE = 75 [run 1/3 for test 2/~15(max 57)]
[30m[0][0m RESULT-DROPPEDPC 12
[30m[0][0m RESULT-GOODPC 88
[30m[0][0m RESULT-THROUGHPUT 66
THRESH = 50, RATE = 75 [run 2/3 for test 2/~15(max 57)]
[30m[0][0m RESULT-DROPPEDPC 12
[30m[0][0m RESULT-GOODPC 88
[30m[0][0m RESULT-THROUGHPUT 66
THRESH = 50, RATE = 75 [run 3/3 for test 2/~15(max 57)]
[30m[0][0m RESULT-DROPPEDPC 12
[30m[0][0m RESULT-GOODPC 88
[30m[0][0m RESULT-THROUGHPUT 66
DROPPEDPC: [12.0, 12.0, 12.0], GOODPC: [88.0, 88.0, 88.0], THROUGHPUT: [66.0, 66.0, 66.0]
THRESH = 50, RATE = 55 [run 1/3 for test 3/~15(max 57)]
[30m[0][0m RESULT-DROPPEDPC 2
[30m[0][0m RESULT-GOODPC 96
[30m[0][0m RESULT-THROUGHPUT 53
THRESH = 50, RATE = 55 [run 2/3 for test 3/~15(max 57)]
[30m[0][0m RESULT-DROPPEDPC 2
[30m[0][0m RESULT-GOODPC 96
[30m[0][0m RESULT-THROUGHPUT 53
THRESH = 50, RATE = 55 [run 3/3 for test 3/~15(max 57)]
[30m[0][0m RESULT-DROPPEDPC 2
[30m[0][0m RESULT-GOODPC 96
[30m[0][0m RESULT-THROUGHPUT 53
DROPPEDPC: [2.0, 2.0, 2.0], GOODPC: [96.0, 96.0, 96.0], THROUGHPUT: [53.0, 53.0, 53.0]
THRESH = 50, RATE = 50 [run 1/3 for test 4/~15(max 57)]
[30m[0][0m RESULT-DROPPEDPC 0
[30m[0][0m RESULT-GOODPC 100
[30m[0][0m RESULT-THROUGHPUT 50
THRESH = 50, RATE = 50 [run 2/3 for test 4/~15(max 57)]
[30m[0][0m RESULT-DROPPEDPC 0
[30m[0][0m RESULT-GOODPC 100
[30m[0][0m RESULT-THROUGHPUT 50
THRESH = 50, RATE = 50 [run 3/3 for test 4/~15(max 57)]
[30m[0][0m RESULT-DROPPEDPC 0
[30m[0][0m RESULT-GOODPC 100
[30m[0][0m RESULT-THROUGHPUT 50
DROPPEDPC: [0.0, 0.0, 0.0], GOODPC: [100.0, 100.0, 100.0], THROUGHPUT: [50.0, 50.0, 50.0]
THRESH = 70, RATE = 100 [run 1/3 for test 5/~12(max 57)]
[30m[0][0m RESULT-DROPPEDPC 15
[30m[0][0m RESULT-GOODPC 85
[30m[0][0m RESULT-THROUGHPUT 85
THRESH = 70, RATE = 100 [run 2/3 for test 5/~12(max 57)]
[30m[0][0m RESULT-DROPPEDPC 15
[30m[0][0m RESULT-GOODPC 85
[30m[0][0m RESULT-THROUGHPUT 85
THRESH = 70, RATE = 100 [run 3/3 for test 5/~12(max 57)]
[30m[0][0m RESULT-DROPPEDPC 15
[30m[0][0m RESULT-GOODPC 85
[30m[0][0m RESULT-THROUGHPUT 85
DROPPEDPC: [15.0, 15.0, 15.0], GOODPC: [85.0, 85.0, 85.0], THROUGHPUT: [85.0, 85.0, 85.0]
THRESH = 70, RATE = 85 [run 1/3 for test 6/~12(max 57)]
[30m[0][0m RESULT-DROPPEDPC 7
[30m[0][0m RESULT-GOODPC 92
[30m[0][0m RESULT-THROUGHPUT 79
THRESH = 70, RATE = 85 [run 2/3 for test 6/~12(max 57)]
[30m[0][0m RESULT-DROPPEDPC 7
[30m[0][0m RESULT-GOODPC 92
[30m[0][0m RESULT-THROUGHPUT 79
THRESH = 70, RATE = 85 [run 3/3 for test 6/~12(max 57)]
[30m[0][0m RESULT-DROPPEDPC 7
[30m[0][0m RESULT-GOODPC 92
[30m[0][0m RESULT-THROUGHPUT 79
DROPPEDPC: [7.0, 7.0, 7.0], GOODPC: [92.0, 92.0, 92.0], THROUGHPUT: [79.0, 79.0, 79.0]
THRESH = 70, RATE = 70 [run 1/3 for test 7/~12(max 57)]
[30m[0][0m RESULT-DROPPEDPC 0
[30m[0][0m RESULT-GOODPC 100
[30m[0][0m RESULT-THROUGHPUT 70
THRESH = 70, RATE = 70 [run 2/3 for test 7/~12(max 57)]
[30m[0][0m RESULT-DROPPEDPC 0
[30m[0][0m RESULT-GOODPC 100
[30m[0][0m RESULT-THROUGHPUT 70
THRESH = 70, RATE = 70 [run 3/3 for test 7/~12(max 57)]
[30m[0][0m RESULT-DROPPEDPC 0
[30m[0][0m RESULT-GOODPC 100
[30m[0][0m RESULT-THROUGHPUT 70
DROPPEDPC: [0.0, 0.0, 0.0], GOODPC: [100.0, 100.0, 100.0], THROUGHPUT: [70.0, 70.0, 70.0]
THRESH = 70, RATE = 75 [run 1/3 for test 8/~12(max 57)]
[30m[0][0m RESULT-DROPPEDPC 2
[30m[0][0m RESULT-GOODPC 97
[30m[0][0m RESULT-THROUGHPUT 73
THRESH = 70, RATE = 75 [run 2/3 for test 8/~12(max 57)]
[30m[0][0m RESULT-DROPPEDPC 2
[30m[0][0m RESULT-GOODPC 97
[30m[0][0m RESULT-THROUGHPUT 73
THRESH = 70, RATE = 75 [run 3/3 for test 8/~12(max 57)]
[30m[0][0m RESULT-DROPPEDPC 2
[30m[0][0m RESULT-GOODPC 97
[30m[0][0m RESULT-THROUGHPUT 73
DROPPEDPC: [2.0, 2.0, 2.0], GOODPC: [97.0, 97.0, 97.0], THROUGHPUT: [73.0, 73.0, 73.0]
THRESH = 90, RATE = 100 [run 1/3 for test 9/~12(max 57)]
[30m[0][0m RESULT-DROPPEDPC 5
[30m[0][0m RESULT-GOODPC 95
[30m[0][0m RESULT-THROUGHPUT 95
THRESH = 90, RATE = 100 [run 2/3 for test 9/~12(max 57)]
[30m[0][0m RESULT-DROPPEDPC 5
[30m[0][0m RESULT-GOODPC 95
[30m[0][0m RESULT-THROUGHPUT 95
THRESH = 90, RATE = 100 [run 3/3 for test 9/~12(max 57)]
[30m[0][0m RESULT-DROPPEDPC 5
[30m[0][0m RESULT-GOODPC 95
[30m[0][0m RESULT-THROUGHPUT 95
DROPPEDPC: [5.0, 5.0, 5.0], GOODPC: [95.0, 95.0, 95.0], THROUGHPUT: [95.0, 95.0, 95.0]
THRESH = 90, RATE = 95 [run 1/3 for test 10/~12(max 57)]
[30m[0][0m RESULT-DROPPEDPC 2
[30m[0][0m RESULT-GOODPC 97
[30m[0][0m RESULT-THROUGHPUT 93
THRESH = 90, RATE = 95 [run 2/3 for test 10/~12(max 57)]
[30m[0][0m RESULT-DROPPEDPC 2
[30m[0][0m RESULT-GOODPC 97
[30m[0][0m RESULT-THROUGHPUT 93
THRESH = 90, RATE = 95 [run 3/3 for test 10/~12(max 57)]
[30m[0][0m RESULT-DROPPEDPC 2
[30m[0][0m RESULT-GOODPC 97
[30m[0][0m RESULT-THROUGHPUT 93
DROPPEDPC: [2.0, 2.0, 2.0], GOODPC: [97.0, 97.0, 97.0], THROUGHPUT: [93.0, 93.0, 93.0]
THRESH = 90, RATE = 90 [run 1/3 for test 11/~12(max 57)]
[30m[0][0m RESULT-DROPPEDPC 0
[30m[0][0m RESULT-GOODPC 100
[30m[0][0m RESULT-THROUGHPUT 90
THRESH = 90, RATE = 90 [run 2/3 for test 11/~12(max 57)]
[30m[0][0m RESULT-DROPPEDPC 0
[30m[0][0m RESULT-GOODPC 100
[30m[0][0m RESULT-THROUGHPUT 90
THRESH = 90, RATE = 90 [run 3/3 for test 11/~12(max 57)]
[30m[0][0m RESULT-DROPPEDPC 0
[30m[0][0m RESULT-GOODPC 100
[30m[0][0m RESULT-THROUGHPUT 90
DROPPEDPC: [0.0, 0.0, 0.0], GOODPC: [100.0, 100.0, 100.0], THROUGHPUT: [90.0, 90.0, 90.0]
Graph of test written to compare/zlt_click-2022-DROPPEDPC.pdf
Graph of test written to compare/zlt_click-2022-GOODPC.pdf
Graph of test written to compare/zlt_click-2022-THROUGHPUT.pdf
